TN:
SF:./app/test-helpers/bind-polyfill.js
FN:10,(anonymous_1)
FN:20,(anonymous_2)
FN:21,(anonymous_3)
FNF:3
FNH:0
FNDA:0,(anonymous_1)
FNDA:0,(anonymous_2)
FNDA:0,(anonymous_3)
DA:8,1
DA:10,0
DA:11,0
DA:14,0
DA:15,0
DA:18,0
DA:22,0
DA:26,0
DA:27,0
DA:29,0
LF:10
LH:1
BRDA:8,1,0,0
BRDA:8,1,1,1
BRDA:11,2,0,0
BRDA:11,2,1,0
BRDA:22,3,0,0
BRDA:22,3,1,0
BRDA:22,4,0,0
BRDA:22,4,1,0
BRF:8
BRH:1
end_of_record
TN:
SF:./app/test-helpers/mock-data.js
FN:2,(anonymous_1)
FN:8,getMockStates
FN:25,getMockData
FNF:3
FNH:1
FNDA:1,(anonymous_1)
FNDA:0,getMockStates
FNDA:0,getMockData
DA:2,1
DA:3,1
DA:8,1
DA:9,0
DA:25,1
DA:26,0
LF:6
LH:4
BRF:0
BRH:0
end_of_record
TN:
SF:./app/admin/admin.module.js
FN:1,(anonymous_1)
FNF:1
FNH:1
FNDA:1,(anonymous_1)
DA:1,1
DA:4,1
LF:2
LH:2
BRF:0
BRH:0
end_of_record
TN:
SF:./app/app.module.js
FN:1,(anonymous_1)
FNF:1
FNH:1
FNDA:1,(anonymous_1)
DA:1,1
DA:3,1
LF:2
LH:2
BRF:0
BRH:0
end_of_record
TN:
SF:./app/blocks/exception/exception.module.js
FN:1,(anonymous_1)
FNF:1
FNH:1
FNDA:1,(anonymous_1)
DA:1,1
DA:4,1
LF:2
LH:2
BRF:0
BRH:0
end_of_record
TN:
SF:./app/blocks/logger/logger.module.js
FN:1,(anonymous_1)
FNF:1
FNH:1
FNDA:1,(anonymous_1)
DA:1,1
DA:4,1
LF:2
LH:2
BRF:0
BRH:0
end_of_record
TN:
SF:./app/blocks/router/router.module.js
FN:1,(anonymous_1)
FNF:1
FNH:1
FNDA:1,(anonymous_1)
DA:1,1
DA:4,1
LF:2
LH:2
BRF:0
BRH:0
end_of_record
TN:
SF:./app/core/core.module.js
FN:1,(anonymous_1)
FNF:1
FNH:1
FNDA:1,(anonymous_1)
DA:1,1
DA:4,1
LF:2
LH:2
BRF:0
BRH:0
end_of_record
TN:
SF:./app/dashboard/dashboard.module.js
FN:1,(anonymous_1)
FNF:1
FNH:1
FNDA:1,(anonymous_1)
DA:1,1
DA:4,1
LF:2
LH:2
BRF:0
BRH:0
end_of_record
TN:
SF:./app/home/home.module.js
FN:1,(anonymous_1)
FNF:1
FNH:1
FNDA:1,(anonymous_1)
DA:1,1
DA:4,1
LF:2
LH:2
BRF:0
BRH:0
end_of_record
TN:
SF:./app/layout/layout.module.js
FN:1,(anonymous_1)
FNF:1
FNH:1
FNDA:1,(anonymous_1)
DA:1,1
DA:4,1
LF:2
LH:2
BRF:0
BRH:0
end_of_record
TN:
SF:./app/widgets/widgets.module.js
FN:1,(anonymous_1)
FNF:1
FNH:1
FNDA:1,(anonymous_1)
DA:1,1
DA:4,1
LF:2
LH:2
BRF:0
BRH:0
end_of_record
TN:
SF:./app/admin/admin.controller.js
FN:1,(anonymous_1)
FN:10,AdminController
FN:16,activate
FNF:3
FNH:3
FNDA:1,(anonymous_1)
FNDA:2,AdminController
FNDA:2,activate
DA:1,1
DA:4,1
DA:8,1
DA:10,1
DA:11,2
DA:12,2
DA:13,2
DA:14,2
DA:16,1
DA:17,2
LF:10
LH:10
BRF:0
BRH:0
end_of_record
TN:
SF:./app/admin/admin.route.js
FN:1,(anonymous_1)
FN:10,appRun
FN:14,getStates
FNF:3
FNH:3
FNDA:1,(anonymous_1)
FNDA:5,appRun
FNDA:5,getStates
DA:1,1
DA:4,1
DA:8,1
DA:10,1
DA:11,5
DA:14,1
DA:15,5
LF:7
LH:7
BRF:0
BRH:0
end_of_record
TN:
SF:./app/blocks/exception/exception-handler.provider.js
FN:3,(anonymous_1)
FN:15,exceptionHandlerProvider
FN:21,(anonymous_3)
FN:25,(anonymous_4)
FN:39,config
FN:52,extendExceptionHandler
FN:53,(anonymous_7)
FNF:7
FNH:6
FNDA:1,(anonymous_1)
FNDA:28,exceptionHandlerProvider
FNDA:28,(anonymous_3)
FNDA:28,(anonymous_4)
FNDA:28,config
FNDA:28,extendExceptionHandler
FNDA:0,(anonymous_7)
DA:3,1
DA:6,1
DA:15,1
DA:17,28
DA:21,28
DA:22,28
DA:25,28
DA:26,28
DA:30,1
DA:39,1
DA:40,28
DA:43,1
DA:52,1
DA:53,28
DA:54,0
DA:55,0
DA:56,0
DA:57,0
DA:67,0
LF:19
LH:14
BRDA:54,1,0,0
BRDA:54,1,1,0
BRF:2
BRH:0
end_of_record
TN:
SF:./app/blocks/exception/exception.js
FN:1,(anonymous_1)
FN:11,exception
FN:17,catcher
FN:18,(anonymous_4)
FNF:4
FNH:1
FNDA:1,(anonymous_1)
FNDA:0,exception
FNDA:0,catcher
FNDA:0,(anonymous_4)
DA:1,1
DA:4,1
DA:8,1
DA:11,1
DA:12,0
DA:15,0
DA:17,1
DA:18,0
DA:19,0
LF:9
LH:5
BRF:0
BRH:0
end_of_record
TN:
SF:./app/blocks/logger/logger.js
FN:2,(anonymous_1)
FN:12,logger
FN:28,error
FN:33,info
FN:38,success
FN:43,warning
FNF:6
FNH:4
FNDA:1,(anonymous_1)
FNDA:28,logger
FNDA:0,error
FNDA:6,info
FNDA:1,success
FNDA:0,warning
DA:2,1
DA:5,1
DA:9,1
DA:12,1
DA:13,28
DA:25,28
DA:28,1
DA:29,0
DA:30,0
DA:33,1
DA:34,6
DA:35,6
DA:38,1
DA:39,1
DA:40,1
DA:43,1
DA:44,0
DA:45,0
LF:18
LH:14
BRF:0
BRH:0
end_of_record
TN:
SF:./app/blocks/router/router-helper.provider.js
FN:2,(anonymous_1)
FN:11,routerHelperProvider
FN:20,(anonymous_3)
FN:27,RouterHelper
FN:47,configureStates
FN:48,(anonymous_6)
FN:59,handleRoutingErrors
FN:64,(anonymous_8)
FN:82,init
FN:87,getStates
FN:89,updateDocTitle
FN:91,(anonymous_12)
FNF:12
FNH:11
FNDA:1,(anonymous_1)
FNDA:28,routerHelperProvider
FNDA:28,(anonymous_3)
FNDA:28,RouterHelper
FNDA:43,configureStates
FNDA:48,(anonymous_6)
FNDA:28,handleRoutingErrors
FNDA:0,(anonymous_8)
FNDA:28,init
FNDA:1,getStates
FNDA:28,updateDocTitle
FNDA:26,(anonymous_12)
DA:2,1
DA:5,1
DA:9,1
DA:11,1
DA:13,28
DA:18,28
DA:20,28
DA:21,28
DA:24,28
DA:25,28
DA:27,1
DA:28,28
DA:29,28
DA:30,28
DA:35,28
DA:41,28
DA:43,28
DA:47,1
DA:48,43
DA:49,48
DA:51,48
DA:53,43
DA:54,28
DA:55,28
DA:59,1
DA:63,28
DA:65,0
DA:66,0
DA:68,0
DA:69,0
DA:70,0
DA:73,0
DA:76,0
DA:77,0
DA:82,1
DA:83,28
DA:84,28
DA:87,1
DA:89,1
DA:90,28
DA:92,26
DA:93,26
DA:94,26
DA:95,26
LF:44
LH:36
BRDA:50,1,0,48
BRDA:50,1,1,48
BRDA:53,2,0,28
BRDA:53,2,1,15
BRDA:53,3,0,43
BRDA:53,3,1,28
BRDA:65,4,0,0
BRDA:65,4,1,0
BRDA:70,5,0,0
BRDA:70,5,1,0
BRDA:70,5,2,0
BRDA:70,5,3,0
BRDA:70,5,4,0
BRDA:74,6,0,0
BRDA:74,6,1,0
BRDA:74,7,0,0
BRDA:74,7,1,0
BRDA:75,8,0,0
BRDA:75,8,1,0
BRDA:94,9,0,26
BRDA:94,9,1,0
BRF:21
BRH:7
end_of_record
TN:
SF:./app/core/authservice.js
FN:2,(anonymous_1)
FN:10,authservice
FN:19,getAuthTokens
FN:34,(anonymous_4)
FN:39,(anonymous_5)
FN:61,(anonymous_6)
FN:68,(anonymous_7)
FN:76,request
FN:89,responseError
FN:104,(anonymous_10)
FN:107,(anonymous_11)
FN:112,(anonymous_12)
FN:118,(anonymous_13)
FNF:13
FNH:9
FNDA:1,(anonymous_1)
FNDA:9,authservice
FNDA:4,getAuthTokens
FNDA:4,(anonymous_4)
FNDA:8,(anonymous_5)
FNDA:0,(anonymous_6)
FNDA:0,(anonymous_7)
FNDA:2,request
FNDA:3,responseError
FNDA:1,(anonymous_10)
FNDA:1,(anonymous_11)
FNDA:0,(anonymous_12)
FNDA:0,(anonymous_13)
DA:2,1
DA:5,1
DA:7,1
DA:8,1
DA:10,1
DA:11,9
DA:17,9
DA:19,1
DA:20,4
DA:22,4
DA:23,4
DA:25,4
DA:35,4
DA:37,4
DA:38,4
DA:39,4
DA:40,8
DA:43,8
DA:47,8
DA:50,4
DA:52,4
DA:58,0
DA:63,0
DA:69,0
DA:70,0
DA:72,4
DA:76,1
DA:77,2
DA:78,2
DA:79,2
DA:80,2
DA:82,2
DA:85,2
DA:89,1
DA:96,3
DA:98,3
DA:100,2
DA:103,1
DA:105,1
DA:106,1
DA:107,1
DA:108,1
DA:110,1
DA:113,0
DA:114,0
DA:120,0
DA:122,0
DA:125,1
DA:128,0
DA:129,0
DA:131,1
DA:136,1
DA:137,1
DA:139,3
LF:54
LH:44
BRDA:35,1,0,4
BRDA:35,1,1,0
BRDA:79,2,0,2
BRDA:79,2,1,0
BRDA:98,3,0,2
BRDA:98,3,1,1
BRDA:98,4,0,3
BRDA:98,4,1,1
BRDA:100,5,0,1
BRDA:100,5,1,0
BRDA:100,5,2,1
BRF:11
BRH:8
end_of_record
TN:
SF:./app/core/bootstrap.js
FN:11,(anonymous_1)
FN:28,(anonymous_2)
FN:34,transitionEnd
FN:54,(anonymous_4)
FN:57,(anonymous_5)
FN:58,(anonymous_6)
FN:63,(anonymous_7)
FN:71,(anonymous_8)
FN:88,(anonymous_9)
FN:95,(anonymous_10)
FN:103,(anonymous_11)
FN:126,removeElement
FN:142,Plugin
FN:143,(anonymous_14)
FN:161,(anonymous_15)
FN:183,(anonymous_16)
FN:189,(anonymous_17)
FN:201,(anonymous_18)
FN:212,(anonymous_19)
FN:225,(anonymous_20)
FN:251,Plugin
FN:252,(anonymous_22)
FN:273,(anonymous_23)
FN:283,(anonymous_24)
FN:289,(anonymous_25)
FN:304,(anonymous_26)
FN:310,(anonymous_27)
FN:338,(anonymous_28)
FN:349,(anonymous_29)
FN:361,(anonymous_30)
FN:366,(anonymous_31)
FN:376,(anonymous_32)
FN:382,(anonymous_33)
FN:388,(anonymous_34)
FN:401,(anonymous_35)
FN:406,(anonymous_36)
FN:411,(anonymous_37)
FN:445,(anonymous_38)
FN:449,(anonymous_39)
FN:470,Plugin
FN:471,(anonymous_41)
FN:493,(anonymous_42)
FN:502,(anonymous_43)
FN:524,(anonymous_44)
FN:525,(anonymous_45)
FN:542,(anonymous_46)
FN:548,(anonymous_47)
FN:572,(anonymous_48)
FN:577,(anonymous_49)
FN:610,(anonymous_50)
FN:628,(anonymous_51)
FN:650,(anonymous_52)
FN:666,(anonymous_53)
FN:670,(anonymous_54)
FN:673,(anonymous_55)
FN:680,(anonymous_56)
FN:689,getTargetFromTrigger
FN:701,Plugin
FN:702,(anonymous_59)
FN:722,(anonymous_60)
FN:731,(anonymous_61)
FN:754,(anonymous_62)
FN:762,(anonymous_63)
FN:768,getParent
FN:781,clearMenus
FN:784,(anonymous_66)
FN:802,(anonymous_67)
FN:838,(anonymous_68)
FN:874,Plugin
FN:875,(anonymous_70)
FN:893,(anonymous_71)
FN:904,(anonymous_72)
FN:920,(anonymous_73)
FN:926,(anonymous_74)
FN:940,(anonymous_75)
FN:957,(anonymous_76)
FN:961,(anonymous_77)
FN:980,(anonymous_78)
FN:981,(anonymous_79)
FN:986,(anonymous_80)
FN:1011,(anonymous_81)
FN:1019,(anonymous_82)
FN:1049,(anonymous_83)
FN:1052,(anonymous_84)
FN:1059,(anonymous_85)
FN:1061,(anonymous_86)
FN:1069,(anonymous_87)
FN:1077,(anonymous_88)
FN:1080,(anonymous_89)
FN:1088,(anonymous_90)
FN:1093,(anonymous_91)
FN:1104,(anonymous_92)
FN:1130,(anonymous_93)
FN:1147,(anonymous_94)
FN:1151,(anonymous_95)
FN:1160,(anonymous_96)
FN:1167,(anonymous_97)
FN:1177,(anonymous_98)
FN:1183,(anonymous_99)
FN:1187,(anonymous_100)
FN:1200,Plugin
FN:1201,(anonymous_102)
FN:1221,(anonymous_103)
FN:1230,(anonymous_104)
FN:1238,(anonymous_105)
FN:1240,(anonymous_106)
FN:1259,(anonymous_107)
FN:1265,(anonymous_108)
FN:1297,(anonymous_109)
FN:1330,(anonymous_110)
FN:1334,(anonymous_111)
FN:1347,(anonymous_112)
FN:1351,(anonymous_113)
FN:1358,(anonymous_114)
FN:1382,(anonymous_115)
FN:1387,(anonymous_116)
FN:1395,(anonymous_117)
FN:1416,(anonymous_118)
FN:1421,(anonymous_119)
FN:1481,(anonymous_120)
FN:1497,(anonymous_121)
FN:1516,(anonymous_122)
FN:1547,(anonymous_123)
FN:1553,(anonymous_124)
FN:1561,(anonymous_125)
FN:1566,complete
FN:1591,(anonymous_127)
FN:1598,(anonymous_128)
FN:1602,(anonymous_129)
FN:1620,(anonymous_130)
FN:1628,(anonymous_131)
FN:1656,(anonymous_132)
FN:1667,(anonymous_133)
FN:1673,(anonymous_134)
FN:1683,(anonymous_135)
FN:1687,(anonymous_136)
FN:1691,(anonymous_137)
FN:1695,(anonymous_138)
FN:1699,(anonymous_139)
FN:1718,(anonymous_140)
FN:1721,(anonymous_141)
FN:1736,Plugin
FN:1737,(anonymous_143)
FN:1757,(anonymous_144)
FN:1773,(anonymous_145)
FN:1779,(anonymous_146)
FN:1802,(anonymous_147)
FN:1806,(anonymous_148)
FN:1823,(anonymous_149)
FN:1827,(anonymous_150)
FN:1837,(anonymous_151)
FN:1845,Plugin
FN:1846,(anonymous_153)
FN:1866,(anonymous_154)
FN:1882,(anonymous_155)
FN:1888,ScrollSpy
FN:1909,(anonymous_157)
FN:1913,(anonymous_158)
FN:1929,(anonymous_159)
FN:1939,(anonymous_160)
FN:1940,(anonymous_161)
FN:1946,(anonymous_162)
FN:1976,(anonymous_163)
FN:1998,(anonymous_164)
FN:2008,Plugin
FN:2009,(anonymous_166)
FN:2028,(anonymous_167)
FN:2037,(anonymous_168)
FN:2038,(anonymous_169)
FN:2055,(anonymous_170)
FN:2061,(anonymous_171)
FN:2071,(anonymous_172)
FN:2099,(anonymous_173)
FN:2111,(anonymous_174)
FN:2117,next
FN:2163,Plugin
FN:2164,(anonymous_177)
FN:2182,(anonymous_178)
FN:2191,(anonymous_179)
FN:2211,(anonymous_180)
FN:2217,(anonymous_181)
FN:2241,(anonymous_182)
FN:2263,(anonymous_183)
FN:2271,(anonymous_184)
FN:2275,(anonymous_185)
FN:2320,Plugin
FN:2321,(anonymous_187)
FN:2340,(anonymous_188)
FN:2349,(anonymous_189)
FN:2350,(anonymous_190)
FNF:190
FNH:18
FNDA:1,(anonymous_1)
FNDA:1,(anonymous_2)
FNDA:1,transitionEnd
FNDA:0,(anonymous_4)
FNDA:0,(anonymous_5)
FNDA:0,(anonymous_6)
FNDA:1,(anonymous_7)
FNDA:0,(anonymous_8)
FNDA:1,(anonymous_9)
FNDA:0,(anonymous_10)
FNDA:0,(anonymous_11)
FNDA:0,removeElement
FNDA:0,Plugin
FNDA:0,(anonymous_14)
FNDA:0,(anonymous_15)
FNDA:1,(anonymous_16)
FNDA:0,(anonymous_17)
FNDA:0,(anonymous_18)
FNDA:0,(anonymous_19)
FNDA:0,(anonymous_20)
FNDA:0,Plugin
FNDA:0,(anonymous_22)
FNDA:0,(anonymous_23)
FNDA:0,(anonymous_24)
FNDA:0,(anonymous_25)
FNDA:1,(anonymous_26)
FNDA:0,(anonymous_27)
FNDA:0,(anonymous_28)
FNDA:0,(anonymous_29)
FNDA:0,(anonymous_30)
FNDA:0,(anonymous_31)
FNDA:0,(anonymous_32)
FNDA:0,(anonymous_33)
FNDA:0,(anonymous_34)
FNDA:0,(anonymous_35)
FNDA:0,(anonymous_36)
FNDA:0,(anonymous_37)
FNDA:0,(anonymous_38)
FNDA:0,(anonymous_39)
FNDA:0,Plugin
FNDA:0,(anonymous_41)
FNDA:0,(anonymous_42)
FNDA:0,(anonymous_43)
FNDA:1,(anonymous_44)
FNDA:0,(anonymous_45)
FNDA:1,(anonymous_46)
FNDA:0,(anonymous_47)
FNDA:0,(anonymous_48)
FNDA:0,(anonymous_49)
FNDA:0,(anonymous_50)
FNDA:0,(anonymous_51)
FNDA:0,(anonymous_52)
FNDA:0,(anonymous_53)
FNDA:0,(anonymous_54)
FNDA:0,(anonymous_55)
FNDA:0,(anonymous_56)
FNDA:0,getTargetFromTrigger
FNDA:0,Plugin
FNDA:0,(anonymous_59)
FNDA:0,(anonymous_60)
FNDA:0,(anonymous_61)
FNDA:1,(anonymous_62)
FNDA:0,(anonymous_63)
FNDA:0,getParent
FNDA:0,clearMenus
FNDA:0,(anonymous_66)
FNDA:0,(anonymous_67)
FNDA:0,(anonymous_68)
FNDA:0,Plugin
FNDA:0,(anonymous_70)
FNDA:0,(anonymous_71)
FNDA:0,(anonymous_72)
FNDA:1,(anonymous_73)
FNDA:0,(anonymous_74)
FNDA:0,(anonymous_75)
FNDA:0,(anonymous_76)
FNDA:0,(anonymous_77)
FNDA:0,(anonymous_78)
FNDA:0,(anonymous_79)
FNDA:0,(anonymous_80)
FNDA:0,(anonymous_81)
FNDA:0,(anonymous_82)
FNDA:0,(anonymous_83)
FNDA:0,(anonymous_84)
FNDA:0,(anonymous_85)
FNDA:0,(anonymous_86)
FNDA:0,(anonymous_87)
FNDA:0,(anonymous_88)
FNDA:0,(anonymous_89)
FNDA:0,(anonymous_90)
FNDA:0,(anonymous_91)
FNDA:0,(anonymous_92)
FNDA:0,(anonymous_93)
FNDA:0,(anonymous_94)
FNDA:0,(anonymous_95)
FNDA:0,(anonymous_96)
FNDA:0,(anonymous_97)
FNDA:0,(anonymous_98)
FNDA:0,(anonymous_99)
FNDA:0,(anonymous_100)
FNDA:0,Plugin
FNDA:0,(anonymous_102)
FNDA:0,(anonymous_103)
FNDA:0,(anonymous_104)
FNDA:0,(anonymous_105)
FNDA:0,(anonymous_106)
FNDA:1,(anonymous_107)
FNDA:0,(anonymous_108)
FNDA:0,(anonymous_109)
FNDA:0,(anonymous_110)
FNDA:0,(anonymous_111)
FNDA:0,(anonymous_112)
FNDA:0,(anonymous_113)
FNDA:0,(anonymous_114)
FNDA:0,(anonymous_115)
FNDA:0,(anonymous_116)
FNDA:0,(anonymous_117)
FNDA:0,(anonymous_118)
FNDA:0,(anonymous_119)
FNDA:0,(anonymous_120)
FNDA:0,(anonymous_121)
FNDA:0,(anonymous_122)
FNDA:0,(anonymous_123)
FNDA:0,(anonymous_124)
FNDA:0,(anonymous_125)
FNDA:0,complete
FNDA:0,(anonymous_127)
FNDA:0,(anonymous_128)
FNDA:0,(anonymous_129)
FNDA:0,(anonymous_130)
FNDA:0,(anonymous_131)
FNDA:0,(anonymous_132)
FNDA:0,(anonymous_133)
FNDA:0,(anonymous_134)
FNDA:0,(anonymous_135)
FNDA:0,(anonymous_136)
FNDA:0,(anonymous_137)
FNDA:0,(anonymous_138)
FNDA:0,(anonymous_139)
FNDA:0,(anonymous_140)
FNDA:0,(anonymous_141)
FNDA:0,Plugin
FNDA:0,(anonymous_143)
FNDA:0,(anonymous_144)
FNDA:1,(anonymous_145)
FNDA:0,(anonymous_146)
FNDA:0,(anonymous_147)
FNDA:0,(anonymous_148)
FNDA:0,(anonymous_149)
FNDA:0,(anonymous_150)
FNDA:0,(anonymous_151)
FNDA:0,Plugin
FNDA:0,(anonymous_153)
FNDA:0,(anonymous_154)
FNDA:1,(anonymous_155)
FNDA:0,ScrollSpy
FNDA:0,(anonymous_157)
FNDA:0,(anonymous_158)
FNDA:0,(anonymous_159)
FNDA:0,(anonymous_160)
FNDA:0,(anonymous_161)
FNDA:0,(anonymous_162)
FNDA:0,(anonymous_163)
FNDA:0,(anonymous_164)
FNDA:0,Plugin
FNDA:0,(anonymous_166)
FNDA:0,(anonymous_167)
FNDA:1,(anonymous_168)
FNDA:0,(anonymous_169)
FNDA:1,(anonymous_170)
FNDA:0,(anonymous_171)
FNDA:0,(anonymous_172)
FNDA:0,(anonymous_173)
FNDA:0,(anonymous_174)
FNDA:0,next
FNDA:0,Plugin
FNDA:0,(anonymous_177)
FNDA:0,(anonymous_178)
FNDA:0,(anonymous_179)
FNDA:1,(anonymous_180)
FNDA:0,(anonymous_181)
FNDA:0,(anonymous_182)
FNDA:0,(anonymous_183)
FNDA:0,(anonymous_184)
FNDA:0,(anonymous_185)
FNDA:0,Plugin
FNDA:0,(anonymous_187)
FNDA:0,(anonymous_188)
FNDA:1,(anonymous_189)
FNDA:0,(anonymous_190)
DA:7,1
DA:8,0
DA:11,1
DA:13,1
DA:14,1
DA:15,0
DA:28,1
DA:34,1
DA:35,1
DA:37,1
DA:44,1
DA:45,1
DA:46,1
DA:50,0
DA:54,1
DA:55,0
DA:56,0
DA:57,0
DA:58,0
DA:59,0
DA:60,0
DA:63,1
DA:64,1
DA:66,1
DA:68,1
DA:72,0
DA:88,1
DA:94,1
DA:95,1
DA:96,0
DA:99,1
DA:101,1
DA:103,1
DA:104,0
DA:105,0
DA:107,0
DA:108,0
DA:109,0
DA:112,0
DA:114,0
DA:116,0
DA:117,0
DA:120,0
DA:122,0
DA:124,0
DA:126,1
DA:128,0
DA:131,0
DA:142,1
DA:143,0
DA:144,0
DA:145,0
DA:147,0
DA:148,0
DA:152,1
DA:154,1
DA:155,1
DA:161,1
DA:162,0
DA:163,0
DA:170,1
DA:183,1
DA:189,1
DA:190,0
DA:191,0
DA:192,0
DA:195,1
DA:197,1
DA:201,1
DA:202,0
DA:203,0
DA:204,0
DA:205,0
DA:207,0
DA:209,0
DA:212,0
DA:213,0
DA:215,0
DA:216,0
DA:217,0
DA:218,0
DA:219,0
DA:220,0
DA:225,1
DA:226,0
DA:227,0
DA:229,0
DA:230,0
DA:231,0
DA:232,0
DA:233,0
DA:234,0
DA:235,0
DA:236,0
DA:237,0
DA:239,0
DA:240,0
DA:242,0
DA:243,0
DA:251,1
DA:252,0
DA:253,0
DA:254,0
DA:255,0
DA:257,0
DA:259,0
DA:260,0
DA:264,1
DA:266,1
DA:267,1
DA:273,1
DA:274,0
DA:275,0
DA:282,1
DA:284,0
DA:285,0
DA:286,0
DA:287,0
DA:290,0
DA:304,1
DA:310,1
DA:311,0
DA:312,0
DA:313,0
DA:314,0
DA:315,0
DA:316,0
DA:317,0
DA:318,0
DA:320,0
DA:322,0
DA:327,1
DA:329,1
DA:331,1
DA:338,1
DA:339,0
DA:340,0
DA:341,0
DA:342,0
DA:343,0
DA:346,0
DA:349,1
DA:350,0
DA:352,0
DA:354,0
DA:358,0
DA:361,1
DA:362,0
DA:363,0
DA:366,1
DA:367,0
DA:368,0
DA:370,0
DA:371,0
DA:372,0
DA:373,0
DA:376,1
DA:377,0
DA:378,0
DA:380,0
DA:382,0
DA:383,0
DA:385,0
DA:388,1
DA:389,0
DA:391,0
DA:392,0
DA:393,0
DA:396,0
DA:398,0
DA:401,1
DA:402,0
DA:403,0
DA:406,1
DA:407,0
DA:408,0
DA:411,1
DA:412,0
DA:413,0
DA:414,0
DA:415,0
DA:416,0
DA:418,0
DA:420,0
DA:421,0
DA:425,0
DA:426,0
DA:428,0
DA:430,0
DA:432,0
DA:433,0
DA:434,0
DA:435,0
DA:438,0
DA:439,0
DA:440,0
DA:441,0
DA:442,0
DA:443,0
DA:444,0
DA:446,0
DA:447,0
DA:448,0
DA:449,0
DA:450,0
DA:455,0
DA:456,0
DA:457,0
DA:458,0
DA:461,0
DA:463,0
DA:470,1
DA:471,0
DA:472,0
DA:473,0
DA:474,0
DA:475,0
DA:477,0
DA:478,0
DA:479,0
DA:480,0
DA:484,1
DA:486,1
DA:487,1
DA:493,1
DA:494,0
DA:495,0
DA:502,1
DA:503,0
DA:504,0
DA:505,0
DA:506,0
DA:507,0
DA:508,0
DA:509,0
DA:511,0
DA:513,0
DA:514,0
DA:517,0
DA:520,1
DA:524,1
DA:525,1
DA:526,0
DA:527,0
DA:542,1
DA:548,1
DA:549,0
DA:550,0
DA:551,0
DA:553,0
DA:555,0
DA:556,0
DA:558,0
DA:561,0
DA:564,1
DA:566,1
DA:568,1
DA:572,1
DA:573,0
DA:574,0
DA:577,1
DA:578,0
DA:580,0
DA:581,0
DA:583,0
DA:584,0
DA:585,0
DA:588,0
DA:589,0
DA:590,0
DA:592,0
DA:593,0
DA:594,0
DA:597,0
DA:599,0
DA:604,0
DA:608,0
DA:610,0
DA:611,0
DA:614,0
DA:615,0
DA:619,0
DA:621,0
DA:623,0
DA:628,1
DA:629,0
DA:631,0
DA:632,0
DA:633,0
DA:635,0
DA:637,0
DA:639,0
DA:644,0
DA:648,0
DA:650,0
DA:651,0
DA:652,0
DA:658,0
DA:660,0
DA:666,1
DA:667,0
DA:670,1
DA:671,0
DA:674,0
DA:675,0
DA:680,1
DA:681,0
DA:683,0
DA:684,0
DA:689,1
DA:690,0
DA:691,0
DA:694,0
DA:701,1
DA:702,0
DA:703,0
DA:704,0
DA:705,0
DA:707,0
DA:708,0
DA:709,0
DA:713,1
DA:715,1
DA:716,1
DA:722,1
DA:723,0
DA:724,0
DA:731,1
DA:732,0
DA:734,0
DA:736,0
DA:737,0
DA:738,0
DA:740,0
DA:754,1
DA:760,1
DA:761,1
DA:762,1
DA:763,0
DA:766,1
DA:768,1
DA:769,0
DA:771,0
DA:772,0
DA:773,0
DA:776,0
DA:778,0
DA:781,1
DA:782,0
DA:783,0
DA:784,0
DA:785,0
DA:786,0
DA:787,0
DA:789,0
DA:791,0
DA:793,0
DA:795,0
DA:797,0
DA:798,0
DA:802,1
DA:803,0
DA:805,0
DA:807,0
DA:808,0
DA:810,0
DA:812,0
DA:813,0
DA:815,0
DA:821,0
DA:822,0
DA:824,0
DA:826,0
DA:830,0
DA:835,0
DA:838,1
DA:839,0
DA:841,0
DA:843,0
DA:844,0
DA:846,0
DA:848,0
DA:849,0
DA:851,0
DA:852,0
DA:853,0
DA:856,0
DA:857,0
DA:859,0
DA:861,0
DA:863,0
DA:864,0
DA:865,0
DA:867,0
DA:874,1
DA:875,0
DA:876,0
DA:877,0
DA:879,0
DA:880,0
DA:884,1
DA:886,1
DA:887,1
DA:893,1
DA:894,0
DA:895,0
DA:902,1
DA:904,0
DA:920,1
DA:926,1
DA:927,0
DA:928,0
DA:929,0
DA:930,0
DA:931,0
DA:932,0
DA:933,0
DA:934,0
DA:935,0
DA:937,0
DA:938,0
DA:941,0
DA:946,1
DA:948,1
DA:949,1
DA:951,1
DA:957,1
DA:958,0
DA:961,1
DA:962,0
DA:963,0
DA:965,0
DA:967,0
DA:969,0
DA:971,0
DA:972,0
DA:973,0
DA:975,0
DA:976,0
DA:978,0
DA:980,0
DA:981,0
DA:982,0
DA:986,0
DA:987,0
DA:989,0
DA:990,0
DA:993,0
DA:997,0
DA:999,0
DA:1000,0
DA:1003,0
DA:1005,0
DA:1007,0
DA:1009,0
DA:1012,0
DA:1019,1
DA:1020,0
DA:1022,0
DA:1024,0
DA:1026,0
DA:1028,0
DA:1030,0
DA:1031,0
DA:1033,0
DA:1035,0
DA:1040,0
DA:1042,0
DA:1049,1
DA:1050,0
DA:1053,0
DA:1054,0
DA:1059,1
DA:1060,0
DA:1061,0
DA:1062,0
DA:1064,0
DA:1065,0
DA:1069,1
DA:1070,0
DA:1071,0
DA:1073,0
DA:1077,1
DA:1078,0
DA:1079,0
DA:1080,0
DA:1081,0
DA:1082,0
DA:1083,0
DA:1084,0
DA:1088,1
DA:1089,0
DA:1090,0
DA:1093,1
DA:1094,0
DA:1095,0
DA:1097,0
DA:1098,0
DA:1100,0
DA:1104,0
DA:1105,0
DA:1106,0
DA:1107,0
DA:1109,0
DA:1110,0
DA:1115,0
DA:1117,0
DA:1119,0
DA:1121,0
DA:1127,0
DA:1128,0
DA:1130,0
DA:1131,0
DA:1132,0
DA:1134,0
DA:1140,0
DA:1141,0
DA:1147,1
DA:1148,0
DA:1151,1
DA:1152,0
DA:1154,0
DA:1160,1
DA:1161,0
DA:1167,1
DA:1168,0
DA:1169,0
DA:1170,0
DA:1171,0
DA:1173,0
DA:1174,0
DA:1177,1
DA:1178,0
DA:1179,0
DA:1180,0
DA:1183,1
DA:1184,0
DA:1187,1
DA:1188,0
DA:1189,0
DA:1190,0
DA:1191,0
DA:1192,0
DA:1193,0
DA:1200,1
DA:1201,0
DA:1202,0
DA:1203,0
DA:1204,0
DA:1206,0
DA:1207,0
DA:1208,0
DA:1212,1
DA:1214,1
DA:1215,1
DA:1221,1
DA:1222,0
DA:1223,0
DA:1230,1
DA:1231,0
DA:1232,0
DA:1233,0
DA:1234,0
DA:1236,0
DA:1238,0
DA:1239,0
DA:1240,0
DA:1241,0
DA:1244,0
DA:1259,1
DA:1265,1
DA:1266,0
DA:1267,0
DA:1268,0
DA:1269,0
DA:1270,0
DA:1271,0
DA:1272,0
DA:1274,0
DA:1277,1
DA:1279,1
DA:1281,1
DA:1297,1
DA:1298,0
DA:1299,0
DA:1300,0
DA:1301,0
DA:1302,0
DA:1303,0
DA:1305,0
DA:1306,0
DA:1309,0
DA:1311,0
DA:1312,0
DA:1314,0
DA:1315,0
DA:1316,0
DA:1317,0
DA:1318,0
DA:1320,0
DA:1321,0
DA:1325,0
DA:1330,1
DA:1331,0
DA:1334,1
DA:1335,0
DA:1337,0
DA:1338,0
DA:1344,0
DA:1347,1
DA:1348,0
DA:1349,0
DA:1351,0
DA:1352,0
DA:1355,0
DA:1358,1
DA:1359,0
DA:1362,0
DA:1363,0
DA:1364,0
DA:1367,0
DA:1368,0
DA:1371,0
DA:1372,0
DA:1373,0
DA:1376,0
DA:1378,0
DA:1380,0
DA:1382,0
DA:1383,0
DA:1387,1
DA:1388,0
DA:1389,0
DA:1392,0
DA:1395,1
DA:1396,0
DA:1399,0
DA:1400,0
DA:1401,0
DA:1404,0
DA:1405,0
DA:1408,0
DA:1410,0
DA:1412,0
DA:1414,0
DA:1416,0
DA:1417,0
DA:1421,1
DA:1422,0
DA:1424,0
DA:1425,0
DA:1427,0
DA:1428,0
DA:1429,0
DA:1431,0
DA:1433,0
DA:1435,0
DA:1436,0
DA:1437,0
DA:1439,0
DA:1441,0
DA:1445,0
DA:1446,0
DA:1447,0
DA:1449,0
DA:1455,0
DA:1456,0
DA:1458,0
DA:1459,0
DA:1460,0
DA:1462,0
DA:1463,0
DA:1464,0
DA:1466,0
DA:1472,0
DA:1477,0
DA:1479,0
DA:1481,0
DA:1482,0
DA:1483,0
DA:1484,0
DA:1486,0
DA:1489,0
DA:1497,1
DA:1498,0
DA:1499,0
DA:1500,0
DA:1503,0
DA:1504,0
DA:1507,0
DA:1508,0
DA:1510,0
DA:1511,0
DA:1515,0
DA:1517,0
DA:1524,0
DA:1527,0
DA:1528,0
DA:1530,0
DA:1531,0
DA:1534,0
DA:1536,0
DA:1537,0
DA:1539,0
DA:1540,0
DA:1541,0
DA:1543,0
DA:1544,0
DA:1547,1
DA:1548,0
DA:1553,1
DA:1554,0
DA:1555,0
DA:1557,0
DA:1558,0
DA:1561,1
DA:1562,0
DA:1563,0
DA:1564,0
DA:1566,1
DA:1567,0
DA:1568,0
DA:1571,0
DA:1574,0
DA:1576,0
DA:1578,0
DA:1580,0
DA:1586,0
DA:1588,0
DA:1591,1
DA:1592,0
DA:1593,0
DA:1594,0
DA:1598,1
DA:1599,0
DA:1602,1
DA:1603,0
DA:1605,0
DA:1606,0
DA:1608,0
DA:1609,0
DA:1611,0
DA:1613,0
DA:1614,0
DA:1615,0
DA:1617,0
DA:1620,1
DA:1621,0
DA:1628,1
DA:1629,0
DA:1630,0
DA:1632,0
DA:1633,0
DA:1635,0
DA:1636,0
DA:1637,0
DA:1638,0
DA:1639,0
DA:1640,0
DA:1641,0
DA:1644,0
DA:1645,0
DA:1646,0
DA:1647,0
DA:1648,0
DA:1649,0
DA:1653,0
DA:1656,1
DA:1657,0
DA:1658,0
DA:1659,0
DA:1661,0
DA:1664,0
DA:1667,1
DA:1668,0
DA:1670,0
DA:1673,1
DA:1674,0
DA:1675,0
DA:1676,0
DA:1677,0
DA:1680,0
DA:1683,1
DA:1684,0
DA:1687,1
DA:1688,0
DA:1691,1
DA:1692,0
DA:1695,1
DA:1696,0
DA:1699,1
DA:1700,0
DA:1701,0
DA:1702,0
DA:1703,0
DA:1704,0
DA:1705,0
DA:1709,0
DA:1710,0
DA:1711,0
DA:1712,0
DA:1714,0
DA:1718,1
DA:1719,0
DA:1720,0
DA:1721,0
DA:1722,0
DA:1723,0
DA:1724,0
DA:1726,0
DA:1727,0
DA:1728,0
DA:1736,1
DA:1737,0
DA:1738,0
DA:1739,0
DA:1740,0
DA:1742,0
DA:1743,0
DA:1744,0
DA:1748,1
DA:1750,1
DA:1751,1
DA:1757,1
DA:1758,0
DA:1759,0
DA:1773,1
DA:1779,1
DA:1780,0
DA:1783,1
DA:1785,1
DA:1787,1
DA:1798,1
DA:1800,1
DA:1802,1
DA:1803,0
DA:1806,1
DA:1807,0
DA:1808,0
DA:1809,0
DA:1811,0
DA:1812,0
DA:1816,0
DA:1820,0
DA:1823,1
DA:1824,0
DA:1827,1
DA:1828,0
DA:1829,0
DA:1831,0
DA:1837,1
DA:1838,0
DA:1845,1
DA:1846,0
DA:1847,0
DA:1848,0
DA:1849,0
DA:1851,0
DA:1852,0
DA:1853,0
DA:1857,1
DA:1859,1
DA:1860,1
DA:1866,1
DA:1867,0
DA:1868,0
DA:1882,1
DA:1888,1
DA:1889,0
DA:1890,0
DA:1891,0
DA:1892,0
DA:1893,0
DA:1894,0
DA:1895,0
DA:1896,0
DA:1898,0
DA:1899,0
DA:1900,0
DA:1903,1
DA:1905,1
DA:1909,1
DA:1910,0
DA:1913,1
DA:1914,0
DA:1915,0
DA:1916,0
DA:1918,0
DA:1919,0
DA:1920,0
DA:1922,0
DA:1923,0
DA:1924,0
DA:1927,0
DA:1930,0
DA:1931,0
DA:1932,0
DA:1934,0
DA:1939,0
DA:1941,0
DA:1942,0
DA:1946,1
DA:1947,0
DA:1948,0
DA:1949,0
DA:1950,0
DA:1951,0
DA:1952,0
DA:1953,0
DA:1955,0
DA:1956,0
DA:1959,0
DA:1960,0
DA:1963,0
DA:1964,0
DA:1965,0
DA:1968,0
DA:1969,0
DA:1976,1
DA:1977,0
DA:1979,0
DA:1981,0
DA:1985,0
DA:1989,0
DA:1990,0
DA:1995,0
DA:1998,1
DA:1999,0
DA:2008,1
DA:2009,0
DA:2010,0
DA:2011,0
DA:2012,0
DA:2014,0
DA:2015,0
DA:2019,1
DA:2021,1
DA:2022,1
DA:2028,1
DA:2029,0
DA:2030,0
DA:2037,1
DA:2038,1
DA:2039,0
DA:2040,0
DA:2055,1
DA:2061,1
DA:2063,0
DA:2067,1
DA:2069,1
DA:2071,1
DA:2072,0
DA:2073,0
DA:2074,0
DA:2076,0
DA:2077,0
DA:2078,0
DA:2081,0
DA:2083,0
DA:2084,0
DA:2087,0
DA:2091,0
DA:2092,0
DA:2094,0
DA:2096,0
DA:2098,0
DA:2099,0
DA:2100,0
DA:2104,0
DA:2111,1
DA:2112,0
DA:2113,0
DA:2117,1
DA:2118,0
DA:2126,0
DA:2131,0
DA:2132,0
DA:2133,0
DA:2135,0
DA:2138,0
DA:2139,0
DA:2147,0
DA:2150,0
DA:2156,0
DA:2163,1
DA:2164,0
DA:2165,0
DA:2166,0
DA:2168,0
DA:2169,0
DA:2173,1
DA:2175,1
DA:2176,1
DA:2182,1
DA:2183,0
DA:2184,0
DA:2191,1
DA:2192,0
DA:2193,0
DA:2196,1
DA:2211,1
DA:2217,1
DA:2218,0
DA:2220,0
DA:2224,0
DA:2225,0
DA:2226,0
DA:2227,0
DA:2229,0
DA:2232,1
DA:2234,1
DA:2236,1
DA:2241,1
DA:2242,0
DA:2243,0
DA:2244,0
DA:2246,0
DA:2248,0
DA:2249,0
DA:2250,0
DA:2253,0
DA:2254,0
DA:2255,0
DA:2257,0
DA:2258,0
DA:2260,0
DA:2263,1
DA:2264,0
DA:2265,0
DA:2266,0
DA:2267,0
DA:2268,0
DA:2271,1
DA:2272,0
DA:2275,1
DA:2276,0
DA:2278,0
DA:2279,0
DA:2280,0
DA:2281,0
DA:2282,0
DA:2284,0
DA:2285,0
DA:2286,0
DA:2288,0
DA:2290,0
DA:2291,0
DA:2293,0
DA:2294,0
DA:2296,0
DA:2298,0
DA:2300,0
DA:2301,0
DA:2303,0
DA:2309,0
DA:2310,0
DA:2320,1
DA:2321,0
DA:2322,0
DA:2323,0
DA:2324,0
DA:2326,0
DA:2327,0
DA:2331,1
DA:2333,1
DA:2334,1
DA:2340,1
DA:2341,0
DA:2342,0
DA:2349,1
DA:2350,1
DA:2351,0
DA:2352,0
DA:2354,0
DA:2356,0
DA:2357,0
DA:2359,0
LF:1077
LH:225
BRDA:7,1,0,0
BRDA:7,1,1,1
BRDA:14,2,0,0
BRDA:14,2,1,1
BRDA:14,3,0,1
BRDA:14,3,1,0
BRDA:14,3,2,1
BRDA:14,3,3,0
BRDA:14,3,4,0
BRDA:14,3,5,1
BRDA:45,4,0,1
BRDA:45,4,1,0
BRDA:58,5,0,0
BRDA:58,5,1,0
BRDA:66,6,0,0
BRDA:66,6,1,1
BRDA:72,7,0,0
BRDA:72,7,1,0
BRDA:107,8,0,0
BRDA:107,8,1,0
BRDA:109,9,0,0
BRDA:109,9,1,0
BRDA:114,10,0,0
BRDA:114,10,1,0
BRDA:116,11,0,0
BRDA:116,11,1,0
BRDA:122,12,0,0
BRDA:122,12,1,0
BRDA:131,13,0,0
BRDA:131,13,1,0
BRDA:131,14,0,0
BRDA:131,14,1,0
BRDA:147,15,0,0
BRDA:147,15,1,0
BRDA:148,16,0,0
BRDA:148,16,1,0
BRDA:204,17,0,0
BRDA:204,17,1,0
BRDA:209,18,0,0
BRDA:209,18,1,0
BRDA:213,19,0,0
BRDA:213,19,1,0
BRDA:215,20,0,0
BRDA:215,20,1,0
BRDA:218,21,0,0
BRDA:218,21,1,0
BRDA:229,22,0,0
BRDA:229,22,1,0
BRDA:231,23,0,0
BRDA:231,23,1,0
BRDA:232,24,0,0
BRDA:232,24,1,0
BRDA:235,25,0,0
BRDA:235,25,1,0
BRDA:236,26,0,0
BRDA:236,26,1,0
BRDA:240,27,0,0
BRDA:240,27,1,0
BRDA:255,28,0,0
BRDA:255,28,1,0
BRDA:257,29,0,0
BRDA:257,29,1,0
BRDA:259,30,0,0
BRDA:259,30,1,0
BRDA:260,31,0,0
BRDA:260,31,1,0
BRDA:285,32,0,0
BRDA:285,32,1,0
BRDA:287,33,0,0
BRDA:287,33,1,0
BRDA:287,34,0,0
BRDA:287,34,1,0
BRDA:320,35,0,0
BRDA:320,35,1,0
BRDA:322,36,0,0
BRDA:322,36,1,0
BRDA:322,36,2,0
BRDA:339,37,0,0
BRDA:339,37,1,0
BRDA:340,38,0,0
BRDA:340,38,1,0
BRDA:340,38,2,0
BRDA:350,39,0,0
BRDA:350,39,1,0
BRDA:352,40,0,0
BRDA:352,40,1,0
BRDA:354,41,0,0
BRDA:354,41,1,0
BRDA:354,41,2,0
BRDA:363,42,0,0
BRDA:363,42,1,0
BRDA:368,43,0,0
BRDA:368,43,1,0
BRDA:368,43,2,0
BRDA:368,43,3,0
BRDA:370,44,0,0
BRDA:370,44,1,0
BRDA:370,45,0,0
BRDA:370,45,1,0
BRDA:371,46,0,0
BRDA:371,46,1,0
BRDA:380,47,0,0
BRDA:380,47,1,0
BRDA:380,48,0,0
BRDA:380,48,1,0
BRDA:382,49,0,0
BRDA:382,49,1,0
BRDA:383,50,0,0
BRDA:383,50,1,0
BRDA:385,51,0,0
BRDA:385,51,1,0
BRDA:389,52,0,0
BRDA:389,52,1,0
BRDA:391,53,0,0
BRDA:391,53,1,0
BRDA:391,54,0,0
BRDA:391,54,1,0
BRDA:402,55,0,0
BRDA:402,55,1,0
BRDA:407,56,0,0
BRDA:407,56,1,0
BRDA:413,57,0,0
BRDA:413,57,1,0
BRDA:415,58,0,0
BRDA:415,58,1,0
BRDA:418,59,0,0
BRDA:418,59,1,0
BRDA:426,60,0,0
BRDA:426,60,1,0
BRDA:430,61,0,0
BRDA:430,61,1,0
BRDA:432,62,0,0
BRDA:432,62,1,0
BRDA:435,63,0,0
BRDA:435,63,1,0
BRDA:439,64,0,0
BRDA:439,64,1,0
BRDA:439,65,0,0
BRDA:439,65,1,0
BRDA:461,66,0,0
BRDA:461,66,1,0
BRDA:474,67,0,0
BRDA:474,67,1,0
BRDA:475,68,0,0
BRDA:475,68,1,0
BRDA:477,69,0,0
BRDA:477,69,1,0
BRDA:478,70,0,0
BRDA:478,70,1,0
BRDA:479,71,0,0
BRDA:479,71,1,0
BRDA:480,72,0,0
BRDA:480,72,1,0
BRDA:505,73,0,0
BRDA:505,73,1,0
BRDA:505,73,2,0
BRDA:506,74,0,0
BRDA:506,74,1,0
BRDA:509,75,0,0
BRDA:509,75,1,0
BRDA:513,76,0,0
BRDA:513,76,1,0
BRDA:555,77,0,0
BRDA:555,77,1,0
BRDA:561,78,0,0
BRDA:561,78,1,0
BRDA:574,79,0,0
BRDA:574,79,1,0
BRDA:578,80,0,0
BRDA:578,80,1,0
BRDA:578,81,0,0
BRDA:578,81,1,0
BRDA:581,82,0,0
BRDA:581,82,1,0
BRDA:583,83,0,0
BRDA:583,83,1,0
BRDA:583,84,0,0
BRDA:583,84,1,0
BRDA:585,85,0,0
BRDA:585,85,1,0
BRDA:585,86,0,0
BRDA:585,86,1,0
BRDA:590,87,0,0
BRDA:590,87,1,0
BRDA:592,88,0,0
BRDA:592,88,1,0
BRDA:592,89,0,0
BRDA:592,89,1,0
BRDA:594,90,0,0
BRDA:594,90,1,0
BRDA:619,91,0,0
BRDA:619,91,1,0
BRDA:629,92,0,0
BRDA:629,92,1,0
BRDA:629,93,0,0
BRDA:629,93,1,0
BRDA:633,94,0,0
BRDA:633,94,1,0
BRDA:658,95,0,0
BRDA:658,95,1,0
BRDA:667,96,0,0
BRDA:667,96,1,0
BRDA:691,97,0,0
BRDA:691,97,1,0
BRDA:691,97,2,0
BRDA:705,98,0,0
BRDA:705,98,1,0
BRDA:707,99,0,0
BRDA:707,99,1,0
BRDA:707,100,0,0
BRDA:707,100,1,0
BRDA:707,100,2,0
BRDA:708,101,0,0
BRDA:708,101,1,0
BRDA:709,102,0,0
BRDA:709,102,1,0
BRDA:734,103,0,0
BRDA:734,103,1,0
BRDA:738,104,0,0
BRDA:738,104,1,0
BRDA:771,105,0,0
BRDA:771,105,1,0
BRDA:773,106,0,0
BRDA:773,106,1,0
BRDA:773,106,2,0
BRDA:776,107,0,0
BRDA:776,107,1,0
BRDA:778,108,0,0
BRDA:778,108,1,0
BRDA:778,109,0,0
BRDA:778,109,1,0
BRDA:782,110,0,0
BRDA:782,110,1,0
BRDA:782,111,0,0
BRDA:782,111,1,0
BRDA:789,112,0,0
BRDA:789,112,1,0
BRDA:791,113,0,0
BRDA:791,113,1,0
BRDA:791,114,0,0
BRDA:791,114,1,0
BRDA:791,114,2,0
BRDA:791,114,3,0
BRDA:795,115,0,0
BRDA:795,115,1,0
BRDA:805,116,0,0
BRDA:805,116,1,0
BRDA:812,117,0,0
BRDA:812,117,1,0
BRDA:813,118,0,0
BRDA:813,118,1,0
BRDA:813,119,0,0
BRDA:813,119,1,0
BRDA:824,120,0,0
BRDA:824,120,1,0
BRDA:839,121,0,0
BRDA:839,121,1,0
BRDA:839,122,0,0
BRDA:839,122,1,0
BRDA:846,123,0,0
BRDA:846,123,1,0
BRDA:851,124,0,0
BRDA:851,124,1,0
BRDA:851,125,0,0
BRDA:851,125,1,0
BRDA:851,125,2,0
BRDA:851,125,3,0
BRDA:852,126,0,0
BRDA:852,126,1,0
BRDA:859,127,0,0
BRDA:859,127,1,0
BRDA:863,128,0,0
BRDA:863,128,1,0
BRDA:863,129,0,0
BRDA:863,129,1,0
BRDA:864,130,0,0
BRDA:864,130,1,0
BRDA:864,131,0,0
BRDA:864,131,1,0
BRDA:865,132,0,0
BRDA:865,132,1,0
BRDA:879,133,0,0
BRDA:879,133,1,0
BRDA:880,134,0,0
BRDA:880,134,1,0
BRDA:937,135,0,0
BRDA:937,135,1,0
BRDA:958,136,0,0
BRDA:958,136,1,0
BRDA:967,137,0,0
BRDA:967,137,1,0
BRDA:967,138,0,0
BRDA:967,138,1,0
BRDA:982,139,0,0
BRDA:982,139,1,0
BRDA:987,140,0,0
BRDA:987,140,1,0
BRDA:989,141,0,0
BRDA:989,141,1,0
BRDA:999,142,0,0
BRDA:999,142,1,0
BRDA:1009,143,0,0
BRDA:1009,143,1,0
BRDA:1020,144,0,0
BRDA:1020,144,1,0
BRDA:1026,145,0,0
BRDA:1026,145,1,0
BRDA:1026,146,0,0
BRDA:1026,146,1,0
BRDA:1042,147,0,0
BRDA:1042,147,1,0
BRDA:1042,148,0,0
BRDA:1042,148,1,0
BRDA:1053,149,0,0
BRDA:1053,149,1,0
BRDA:1053,150,0,0
BRDA:1053,150,1,0
BRDA:1060,151,0,0
BRDA:1060,151,1,0
BRDA:1060,152,0,0
BRDA:1060,152,1,0
BRDA:1062,153,0,0
BRDA:1062,153,1,0
BRDA:1064,154,0,0
BRDA:1064,154,1,0
BRDA:1070,155,0,0
BRDA:1070,155,1,0
BRDA:1089,156,0,0
BRDA:1089,156,1,0
BRDA:1095,157,0,0
BRDA:1095,157,1,0
BRDA:1097,158,0,0
BRDA:1097,158,1,0
BRDA:1097,159,0,0
BRDA:1097,159,1,0
BRDA:1098,160,0,0
BRDA:1098,160,1,0
BRDA:1105,161,0,0
BRDA:1105,161,1,0
BRDA:1109,162,0,0
BRDA:1109,162,1,0
BRDA:1110,163,0,0
BRDA:1110,163,1,0
BRDA:1115,164,0,0
BRDA:1115,164,1,0
BRDA:1119,165,0,0
BRDA:1119,165,1,0
BRDA:1121,166,0,0
BRDA:1121,166,1,0
BRDA:1127,167,0,0
BRDA:1127,167,1,0
BRDA:1127,168,0,0
BRDA:1127,168,1,0
BRDA:1132,169,0,0
BRDA:1132,169,1,0
BRDA:1134,170,0,0
BRDA:1134,170,1,0
BRDA:1134,171,0,0
BRDA:1134,171,1,0
BRDA:1140,172,0,0
BRDA:1140,172,1,0
BRDA:1155,173,0,0
BRDA:1155,173,1,0
BRDA:1155,174,0,0
BRDA:1155,174,1,0
BRDA:1156,175,0,0
BRDA:1156,175,1,0
BRDA:1156,176,0,0
BRDA:1156,176,1,0
BRDA:1169,177,0,0
BRDA:1169,177,1,0
BRDA:1178,178,0,0
BRDA:1178,178,1,0
BRDA:1179,179,0,0
BRDA:1179,179,1,0
BRDA:1180,180,0,0
BRDA:1180,180,1,0
BRDA:1204,181,0,0
BRDA:1204,181,1,0
BRDA:1206,182,0,0
BRDA:1206,182,1,0
BRDA:1207,183,0,0
BRDA:1207,183,1,0
BRDA:1208,184,0,0
BRDA:1208,184,1,0
BRDA:1233,185,0,0
BRDA:1233,185,1,0
BRDA:1233,185,2,0
BRDA:1234,186,0,0
BRDA:1234,186,1,0
BRDA:1234,187,0,0
BRDA:1234,187,1,0
BRDA:1236,188,0,0
BRDA:1236,188,1,0
BRDA:1239,189,0,0
BRDA:1239,189,1,0
BRDA:1241,190,0,0
BRDA:1241,190,1,0
BRDA:1302,191,0,0
BRDA:1302,191,1,0
BRDA:1302,192,0,0
BRDA:1302,192,1,0
BRDA:1302,193,0,0
BRDA:1302,193,1,0
BRDA:1305,194,0,0
BRDA:1305,194,1,0
BRDA:1305,195,0,0
BRDA:1305,195,1,0
BRDA:1314,196,0,0
BRDA:1314,196,1,0
BRDA:1316,197,0,0
BRDA:1316,197,1,0
BRDA:1317,198,0,0
BRDA:1317,198,1,0
BRDA:1318,199,0,0
BRDA:1318,199,1,0
BRDA:1325,200,0,0
BRDA:1325,200,1,0
BRDA:1337,201,0,0
BRDA:1337,201,1,0
BRDA:1337,202,0,0
BRDA:1337,202,1,0
BRDA:1351,203,0,0
BRDA:1351,203,1,0
BRDA:1352,204,0,0
BRDA:1352,204,1,0
BRDA:1359,205,0,0
BRDA:1359,205,1,0
BRDA:1362,206,0,0
BRDA:1362,206,1,0
BRDA:1367,207,0,0
BRDA:1367,207,1,0
BRDA:1368,208,0,0
BRDA:1368,208,1,0
BRDA:1371,209,0,0
BRDA:1371,209,1,0
BRDA:1371,210,0,0
BRDA:1371,210,1,0
BRDA:1380,211,0,0
BRDA:1380,211,1,0
BRDA:1380,212,0,0
BRDA:1380,212,1,0
BRDA:1383,213,0,0
BRDA:1383,213,1,0
BRDA:1389,214,0,0
BRDA:1389,214,1,0
BRDA:1396,215,0,0
BRDA:1396,215,1,0
BRDA:1399,216,0,0
BRDA:1399,216,1,0
BRDA:1404,217,0,0
BRDA:1404,217,1,0
BRDA:1405,218,0,0
BRDA:1405,218,1,0
BRDA:1408,219,0,0
BRDA:1408,219,1,0
BRDA:1414,220,0,0
BRDA:1414,220,1,0
BRDA:1414,221,0,0
BRDA:1414,221,1,0
BRDA:1417,222,0,0
BRDA:1417,222,1,0
BRDA:1424,223,0,0
BRDA:1424,223,1,0
BRDA:1424,224,0,0
BRDA:1424,224,1,0
BRDA:1428,225,0,0
BRDA:1428,225,1,0
BRDA:1428,226,0,0
BRDA:1428,226,1,0
BRDA:1439,227,0,0
BRDA:1439,227,1,0
BRDA:1441,228,0,0
BRDA:1441,228,1,0
BRDA:1447,229,0,0
BRDA:1447,229,1,0
BRDA:1447,230,0,0
BRDA:1447,230,1,0
BRDA:1455,231,0,0
BRDA:1455,231,1,0
BRDA:1462,232,0,0
BRDA:1462,232,1,0
BRDA:1466,233,0,0
BRDA:1466,233,1,0
BRDA:1466,234,0,0
BRDA:1466,234,1,0
BRDA:1467,235,0,0
BRDA:1467,235,1,0
BRDA:1467,236,0,0
BRDA:1467,236,1,0
BRDA:1468,237,0,0
BRDA:1468,237,1,0
BRDA:1468,238,0,0
BRDA:1468,238,1,0
BRDA:1469,239,0,0
BRDA:1469,239,1,0
BRDA:1469,240,0,0
BRDA:1469,240,1,0
BRDA:1486,241,0,0
BRDA:1486,241,1,0
BRDA:1489,242,0,0
BRDA:1489,242,1,0
BRDA:1489,243,0,0
BRDA:1489,243,1,0
BRDA:1507,244,0,0
BRDA:1507,244,1,0
BRDA:1508,245,0,0
BRDA:1508,245,1,0
BRDA:1530,246,0,0
BRDA:1530,246,1,0
BRDA:1530,247,0,0
BRDA:1530,247,1,0
BRDA:1536,248,0,0
BRDA:1536,248,1,0
BRDA:1540,249,0,0
BRDA:1540,249,1,0
BRDA:1541,250,0,0
BRDA:1541,250,1,0
BRDA:1549,251,0,0
BRDA:1549,251,1,0
BRDA:1550,252,0,0
BRDA:1550,252,1,0
BRDA:1557,253,0,0
BRDA:1557,253,1,0
BRDA:1567,254,0,0
BRDA:1567,254,1,0
BRDA:1571,255,0,0
BRDA:1571,255,1,0
BRDA:1576,256,0,0
BRDA:1576,256,1,0
BRDA:1580,257,0,0
BRDA:1580,257,1,0
BRDA:1580,258,0,0
BRDA:1580,258,1,0
BRDA:1593,259,0,0
BRDA:1593,259,1,0
BRDA:1593,260,0,0
BRDA:1593,260,1,0
BRDA:1594,261,0,0
BRDA:1594,261,1,0
BRDA:1603,262,0,0
BRDA:1603,262,1,0
BRDA:1609,263,0,0
BRDA:1609,263,1,0
BRDA:1613,264,0,0
BRDA:1613,264,1,0
BRDA:1614,265,0,0
BRDA:1614,265,1,0
BRDA:1614,266,0,0
BRDA:1614,266,1,0
BRDA:1615,267,0,0
BRDA:1615,267,1,0
BRDA:1621,268,0,0
BRDA:1621,268,1,0
BRDA:1622,269,0,0
BRDA:1622,269,1,0
BRDA:1623,270,0,0
BRDA:1623,270,1,0
BRDA:1630,271,0,0
BRDA:1630,271,1,0
BRDA:1632,272,0,0
BRDA:1632,272,1,0
BRDA:1632,272,2,0
BRDA:1635,273,0,0
BRDA:1635,273,1,0
BRDA:1638,274,0,0
BRDA:1638,274,1,0
BRDA:1640,275,0,0
BRDA:1640,275,1,0
BRDA:1646,276,0,0
BRDA:1646,276,1,0
BRDA:1648,277,0,0
BRDA:1648,277,1,0
BRDA:1661,278,0,0
BRDA:1661,278,1,0
BRDA:1662,279,0,0
BRDA:1662,279,1,0
BRDA:1674,280,0,0
BRDA:1674,280,1,0
BRDA:1676,281,0,0
BRDA:1676,281,1,0
BRDA:1684,282,0,0
BRDA:1684,282,1,0
BRDA:1701,283,0,0
BRDA:1701,283,1,0
BRDA:1703,284,0,0
BRDA:1703,284,1,0
BRDA:1709,285,0,0
BRDA:1709,285,1,0
BRDA:1711,286,0,0
BRDA:1711,286,1,0
BRDA:1714,287,0,0
BRDA:1714,287,1,0
BRDA:1723,288,0,0
BRDA:1723,288,1,0
BRDA:1740,289,0,0
BRDA:1740,289,1,0
BRDA:1742,290,0,0
BRDA:1742,290,1,0
BRDA:1742,291,0,0
BRDA:1742,291,1,0
BRDA:1743,292,0,0
BRDA:1743,292,1,0
BRDA:1744,293,0,0
BRDA:1744,293,1,0
BRDA:1783,294,0,0
BRDA:1783,294,1,1
BRDA:1811,295,0,0
BRDA:1811,295,1,0
BRDA:1813,296,0,0
BRDA:1813,296,1,0
BRDA:1813,297,0,0
BRDA:1813,297,1,0
BRDA:1820,298,0,0
BRDA:1820,298,1,0
BRDA:1824,299,0,0
BRDA:1824,299,1,0
BRDA:1831,300,0,0
BRDA:1831,300,1,0
BRDA:1832,301,0,0
BRDA:1832,301,1,0
BRDA:1838,302,0,0
BRDA:1838,302,1,0
BRDA:1849,303,0,0
BRDA:1849,303,1,0
BRDA:1851,304,0,0
BRDA:1851,304,1,0
BRDA:1851,305,0,0
BRDA:1851,305,1,0
BRDA:1852,306,0,0
BRDA:1852,306,1,0
BRDA:1853,307,0,0
BRDA:1853,307,1,0
BRDA:1890,308,0,0
BRDA:1890,308,1,0
BRDA:1892,309,0,0
BRDA:1892,309,1,0
BRDA:1910,310,0,0
BRDA:1910,310,1,0
BRDA:1922,311,0,0
BRDA:1922,311,1,0
BRDA:1931,312,0,0
BRDA:1931,312,1,0
BRDA:1932,313,0,0
BRDA:1932,313,1,0
BRDA:1934,314,0,0
BRDA:1934,314,1,0
BRDA:1934,314,2,0
BRDA:1934,314,3,0
BRDA:1934,314,4,0
BRDA:1955,315,0,0
BRDA:1955,315,1,0
BRDA:1959,316,0,0
BRDA:1959,316,1,0
BRDA:1960,317,0,0
BRDA:1960,317,1,0
BRDA:1963,318,0,0
BRDA:1963,318,1,0
BRDA:1963,319,0,0
BRDA:1963,319,1,0
BRDA:1969,320,0,0
BRDA:1969,320,1,0
BRDA:1969,320,2,0
BRDA:1969,320,3,0
BRDA:1969,320,4,0
BRDA:1989,321,0,0
BRDA:1989,321,1,0
BRDA:2012,322,0,0
BRDA:2012,322,1,0
BRDA:2014,323,0,0
BRDA:2014,323,1,0
BRDA:2015,324,0,0
BRDA:2015,324,1,0
BRDA:2076,325,0,0
BRDA:2076,325,1,0
BRDA:2078,326,0,0
BRDA:2078,326,1,0
BRDA:2081,327,0,0
BRDA:2081,327,1,0
BRDA:2094,328,0,0
BRDA:2094,328,1,0
BRDA:2094,329,0,0
BRDA:2094,329,1,0
BRDA:2113,330,0,0
BRDA:2113,330,1,0
BRDA:2113,330,2,0
BRDA:2113,330,3,0
BRDA:2113,330,4,0
BRDA:2131,331,0,0
BRDA:2131,331,1,0
BRDA:2138,332,0,0
BRDA:2138,332,1,0
BRDA:2147,333,0,0
BRDA:2147,333,1,0
BRDA:2150,334,0,0
BRDA:2150,334,1,0
BRDA:2150,335,0,0
BRDA:2150,335,1,0
BRDA:2168,336,0,0
BRDA:2168,336,1,0
BRDA:2169,337,0,0
BRDA:2169,337,1,0
BRDA:2246,338,0,0
BRDA:2246,338,1,0
BRDA:2246,339,0,0
BRDA:2246,339,1,0
BRDA:2246,340,0,0
BRDA:2246,340,1,0
BRDA:2248,341,0,0
BRDA:2248,341,1,0
BRDA:2249,342,0,0
BRDA:2249,342,1,0
BRDA:2249,343,0,0
BRDA:2249,343,1,0
BRDA:2250,344,0,0
BRDA:2250,344,1,0
BRDA:2254,345,0,0
BRDA:2254,345,1,0
BRDA:2255,346,0,0
BRDA:2255,346,1,0
BRDA:2257,347,0,0
BRDA:2257,347,1,0
BRDA:2257,348,0,0
BRDA:2257,348,1,0
BRDA:2258,349,0,0
BRDA:2258,349,1,0
BRDA:2258,350,0,0
BRDA:2258,350,1,0
BRDA:2264,351,0,0
BRDA:2264,351,1,0
BRDA:2276,352,0,0
BRDA:2276,352,1,0
BRDA:2284,353,0,0
BRDA:2284,353,1,0
BRDA:2285,354,0,0
BRDA:2285,354,1,0
BRDA:2286,355,0,0
BRDA:2286,355,1,0
BRDA:2290,356,0,0
BRDA:2290,356,1,0
BRDA:2291,357,0,0
BRDA:2291,357,1,0
BRDA:2293,358,0,0
BRDA:2293,358,1,0
BRDA:2298,359,0,0
BRDA:2298,359,1,0
BRDA:2301,360,0,0
BRDA:2301,360,1,0
BRDA:2309,361,0,0
BRDA:2309,361,1,0
BRDA:2324,362,0,0
BRDA:2324,362,1,0
BRDA:2326,363,0,0
BRDA:2326,363,1,0
BRDA:2327,364,0,0
BRDA:2327,364,1,0
BRDA:2354,365,0,0
BRDA:2354,365,1,0
BRDA:2356,366,0,0
BRDA:2356,366,1,0
BRDA:2357,367,0,0
BRDA:2357,367,1,0
BRF:762
BRH:8
end_of_record
TN:
SF:./app/core/config.js
FN:3,(anonymous_1)
FN:12,toastrConfig
FN:28,configure
FNF:3
FNH:3
FNDA:1,(anonymous_1)
FNDA:28,toastrConfig
FNDA:28,configure
DA:3,1
DA:6,1
DA:8,1
DA:10,1
DA:12,1
DA:13,28
DA:14,28
DA:17,1
DA:21,1
DA:22,1
DA:23,1
DA:28,1
DA:30,28
DA:31,28
DA:33,28
DA:34,28
DA:37,28
DA:42,28
LF:18
LH:18
BRDA:30,1,0,28
BRDA:30,1,1,0
BRF:2
BRH:1
end_of_record
TN:
SF:./app/core/core.route.js
FN:1,(anonymous_1)
FN:9,appRun
FN:14,getStates
FNF:3
FNH:3
FNDA:1,(anonymous_1)
FNDA:28,appRun
FNDA:28,getStates
DA:1,1
DA:4,1
DA:9,1
DA:10,28
DA:11,28
DA:14,1
DA:15,28
LF:7
LH:7
BRF:0
BRH:0
end_of_record
TN:
SF:./app/core/dataservice.js
FN:1,(anonymous_1)
FN:10,dataservice
FN:18,getPeopleData
FN:25,success
FN:28,fail
FN:35,getCountryList
FN:40,getCountryListComplete
FN:44,getCountryListFailed
FNF:8
FNH:4
FNDA:1,(anonymous_1)
FNDA:5,dataservice
FNDA:2,getPeopleData
FNDA:2,success
FNDA:0,fail
FNDA:0,getCountryList
FNDA:0,getCountryListComplete
FNDA:0,getCountryListFailed
DA:1,1
DA:4,1
DA:8,1
DA:10,1
DA:11,5
DA:16,5
DA:18,1
DA:21,2
DA:22,2
DA:25,1
DA:26,2
DA:28,1
DA:29,0
DA:30,0
DA:31,0
DA:35,1
DA:36,0
DA:40,1
DA:41,0
DA:44,1
DA:45,0
LF:21
LH:15
BRF:0
BRH:0
end_of_record
TN:
SF:./app/core/packery.pkgd.js
FN:18,(anonymous_1)
FN:26,noop
FN:30,defineBridget
FN:43,addOptionMethod
FN:50,(anonymous_5)
FN:64,(anonymous_6)
FN:73,bridge
FN:75,(anonymous_8)
FN:105,(anonymous_9)
FN:130,(anonymous_10)
FN:167,(anonymous_11)
FN:173,classReg
FN:182,(anonymous_13)
FN:185,(anonymous_14)
FN:188,(anonymous_15)
FN:193,(anonymous_16)
FN:196,(anonymous_17)
FN:201,(anonymous_18)
FN:206,toggleClass
FN:248,(anonymous_20)
FN:255,getStyleProperty
FN:281,(anonymous_22)
FN:303,(anonymous_23)
FN:310,getStyleSize
FN:317,noop
FN:320,(anonymous_26)
FN:341,getZeroSize
FN:359,defineGetSize
FN:372,setup
FN:380,(anonymous_30)
FN:382,(anonymous_31)
FN:385,(anonymous_32)
FN:389,getStyle
FN:428,getSize
FN:500,mungeNonPixel
FN:556,(anonymous_36)
FN:562,(anonymous_37)
FN:564,getIEEvent
FN:572,(anonymous_39)
FN:576,(anonymous_40)
FN:578,(anonymous_41)
FN:582,(anonymous_42)
FN:590,(anonymous_43)
FN:593,(anonymous_44)
FN:597,(anonymous_45)
FN:635,(anonymous_46)
FN:644,EventEmitter
FN:659,indexOfListener
FN:677,alias
FN:678,aliasClosure
FN:692,getListeners
FN:720,flattenListeners
FN:737,getListenersAsObject
FN:759,addListener
FN:789,addOnceListener
FN:808,defineEvent
FN:819,defineEvents
FN:834,removeListener
FN:867,addListeners
FN:882,removeListeners
FN:899,manipulateListeners
FN:942,removeEvent
FN:987,emitEvent
FN:1032,emit
FN:1045,setOnceReturnValue
FN:1058,_getOnceReturnValue
FN:1073,_getEvents
FN:1082,noConflict
FN:1089,(anonymous_69)
FN:1110,(anonymous_70)
FN:1118,docReady
FN:1136,onReady
FN:1146,trigger
FN:1155,defineDocReady
FN:1191,(anonymous_75)
FN:1195,(anonymous_76)
FN:1218,match
FN:1224,checkParent
FN:1237,query
FN:1255,matchChild
FN:1277,(anonymous_81)
FN:1297,(anonymous_82)
FN:1307,(anonymous_83)
FN:1326,factory
FN:1335,(anonymous_85)
FN:1344,(anonymous_86)
FN:1351,(anonymous_87)
FN:1358,(anonymous_88)
FN:1378,(anonymous_89)
FN:1380,(anonymous_90)
FN:1391,(anonymous_91)
FN:1402,isElementDOM2
FN:1405,isElementQuirky
FN:1412,(anonymous_94)
FN:1414,setText
FN:1424,(anonymous_96)
FN:1436,(anonymous_97)
FN:1446,(anonymous_98)
FN:1455,(anonymous_99)
FN:1488,(anonymous_100)
FN:1493,(anonymous_101)
FN:1501,(anonymous_102)
FN:1511,(anonymous_103)
FN:1512,(anonymous_104)
FN:1523,(anonymous_105)
FN:1524,(anonymous_106)
FN:1565,(anonymous_107)
FN:1576,(anonymous_108)
FN:1601,factory
FN:1608,(anonymous_110)
FN:1611,(anonymous_111)
FN:1616,isEmptyObj
FN:1647,(anonymous_113)
FN:1661,Item
FN:1680,(anonymous_115)
FN:1694,(anonymous_116)
FN:1701,(anonymous_117)
FN:1709,(anonymous_118)
FN:1720,(anonymous_119)
FN:1746,(anonymous_120)
FN:1777,(anonymous_121)
FN:1783,(anonymous_122)
FN:1790,(anonymous_123)
FN:1823,(anonymous_124)
FN:1837,(anonymous_125)
FN:1846,(anonymous_126)
FN:1859,(anonymous_127)
FN:1877,(anonymous_128)
FN:1917,toDashedAll
FN:1918,(anonymous_130)
FN:1926,(anonymous_131)
FN:1955,(anonymous_132)
FN:1959,(anonymous_133)
FN:1970,(anonymous_134)
FN:2002,(anonymous_135)
FN:2012,(anonymous_136)
FN:2026,(anonymous_137)
FN:2034,(anonymous_138)
FN:2041,(anonymous_139)
FN:2050,(anonymous_140)
FN:2056,(anonymous_141)
FN:2075,(anonymous_142)
FN:2088,(anonymous_143)
FN:2100,(anonymous_144)
FN:2121,(anonymous_145)
FN:2130,(anonymous_146)
FN:2152,(anonymous_147)
FN:2165,(anonymous_148)
FN:2191,factory
FN:2198,(anonymous_150)
FN:2213,Outlayer
FN:2278,(anonymous_152)
FN:2282,(anonymous_153)
FN:2298,(anonymous_154)
FN:2309,(anonymous_155)
FN:2330,(anonymous_156)
FN:2338,(anonymous_157)
FN:2351,(anonymous_158)
FN:2370,(anonymous_159)
FN:2375,(anonymous_160)
FN:2389,(anonymous_161)
FN:2411,(anonymous_162)
FN:2425,(anonymous_163)
FN:2441,(anonymous_164)
FN:2469,(anonymous_165)
FN:2482,(anonymous_166)
FN:2496,(anonymous_167)
FN:2509,(anonymous_168)
FN:2513,(anonymous_169)
FN:2536,(anonymous_170)
FN:2559,(anonymous_171)
FN:2561,onComplete
FN:2572,tick
FN:2592,(anonymous_174)
FN:2620,(anonymous_175)
FN:2631,(anonymous_176)
FN:2642,(anonymous_177)
FN:2660,(anonymous_178)
FN:2680,(anonymous_179)
FN:2692,(anonymous_180)
FN:2706,(anonymous_181)
FN:2728,(anonymous_182)
FN:2745,(anonymous_183)
FN:2755,(anonymous_184)
FN:2767,(anonymous_185)
FN:2778,(anonymous_186)
FN:2784,delayed
FN:2793,(anonymous_188)
FN:2807,(anonymous_189)
FN:2822,(anonymous_190)
FN:2835,(anonymous_191)
FN:2849,(anonymous_192)
FN:2871,(anonymous_193)
FN:2885,(anonymous_194)
FN:2899,(anonymous_195)
FN:2908,(anonymous_196)
FN:2919,(anonymous_197)
FN:2935,(anonymous_198)
FN:2953,(anonymous_199)
FN:2974,(anonymous_200)
FN:3005,(anonymous_201)
FN:3018,(anonymous_202)
FN:3020,Layout
FN:3043,LayoutItem
FN:3078,(anonymous_205)
FN:3093,factory
FN:3099,(anonymous_207)
FN:3103,Rect
FN:3130,(anonymous_209)
FN:3145,(anonymous_210)
FN:3162,(anonymous_211)
FN:3224,(anonymous_212)
FN:3237,(anonymous_213)
FN:3254,factory
FN:3265,Packer
FN:3273,(anonymous_216)
FN:3290,(anonymous_217)
FN:3300,(anonymous_218)
FN:3309,(anonymous_219)
FN:3328,(anonymous_220)
FN:3335,(anonymous_221)
FN:3347,(anonymous_222)
FN:3383,(anonymous_223)
FN:3387,(anonymous_224)
FN:3402,(anonymous_225)
FN:3430,factory
FN:3438,PackeryItem
FN:3445,(anonymous_228)
FN:3455,(anonymous_229)
FN:3477,(anonymous_230)
FN:3485,(anonymous_231)
FN:3503,(anonymous_232)
FN:3515,(anonymous_233)
FN:3559,(anonymous_234)
FN:3567,(anonymous_235)
FN:3591,(anonymous_236)
FN:3627,factory
FN:3633,(anonymous_238)
FN:3643,(anonymous_239)
FN:3656,(anonymous_240)
FN:3659,(anonymous_241)
FN:3662,(anonymous_242)
FN:3668,handleUIDraggableStart
FN:3675,handleUIDraggableDrag
FN:3681,handleUIDraggableStop
FN:3697,(anonymous_246)
FN:3726,(anonymous_247)
FN:3732,(anonymous_248)
FN:3742,(anonymous_249)
FN:3754,(anonymous_250)
FN:3764,(anonymous_251)
FN:3785,(anonymous_252)
FN:3798,(anonymous_253)
FN:3817,(anonymous_254)
FN:3839,verticalSorter
FN:3843,horizontalSorter
FN:3847,(anonymous_257)
FN:3861,(anonymous_258)
FN:3902,(anonymous_259)
FN:3905,tick
FN:3913,(anonymous_261)
FN:3918,(anonymous_262)
FN:3927,(anonymous_263)
FN:3947,(anonymous_264)
FN:3961,(anonymous_265)
FN:3970,delayed
FN:3980,(anonymous_267)
FN:3990,(anonymous_268)
FN:4030,(anonymous_269)
FN:4036,onLayoutComplete
FN:4066,(anonymous_271)
FN:4076,(anonymous_272)
FNF:272
FNH:46
FNDA:1,(anonymous_1)
FNDA:0,noop
FNDA:1,defineBridget
FNDA:1,addOptionMethod
FNDA:0,(anonymous_5)
FNDA:0,(anonymous_6)
FNDA:1,bridge
FNDA:0,(anonymous_8)
FNDA:0,(anonymous_9)
FNDA:1,(anonymous_10)
FNDA:1,(anonymous_11)
FNDA:0,classReg
FNDA:0,(anonymous_13)
FNDA:0,(anonymous_14)
FNDA:0,(anonymous_15)
FNDA:0,(anonymous_16)
FNDA:0,(anonymous_17)
FNDA:0,(anonymous_18)
FNDA:0,toggleClass
FNDA:1,(anonymous_20)
FNDA:8,getStyleProperty
FNDA:0,(anonymous_22)
FNDA:1,(anonymous_23)
FNDA:0,getStyleSize
FNDA:0,noop
FNDA:0,(anonymous_26)
FNDA:0,getZeroSize
FNDA:1,defineGetSize
FNDA:0,setup
FNDA:0,(anonymous_30)
FNDA:0,(anonymous_31)
FNDA:0,(anonymous_32)
FNDA:0,getStyle
FNDA:0,getSize
FNDA:0,mungeNonPixel
FNDA:1,(anonymous_36)
FNDA:0,(anonymous_37)
FNDA:0,getIEEvent
FNDA:3,(anonymous_39)
FNDA:0,(anonymous_40)
FNDA:0,(anonymous_41)
FNDA:0,(anonymous_42)
FNDA:0,(anonymous_43)
FNDA:0,(anonymous_44)
FNDA:0,(anonymous_45)
FNDA:1,(anonymous_46)
FNDA:0,EventEmitter
FNDA:0,indexOfListener
FNDA:5,alias
FNDA:0,aliasClosure
FNDA:0,getListeners
FNDA:0,flattenListeners
FNDA:0,getListenersAsObject
FNDA:0,addListener
FNDA:0,addOnceListener
FNDA:0,defineEvent
FNDA:0,defineEvents
FNDA:0,removeListener
FNDA:0,addListeners
FNDA:0,removeListeners
FNDA:0,manipulateListeners
FNDA:0,removeEvent
FNDA:0,emitEvent
FNDA:0,emit
FNDA:0,setOnceReturnValue
FNDA:0,_getOnceReturnValue
FNDA:0,_getEvents
FNDA:0,noConflict
FNDA:0,(anonymous_69)
FNDA:1,(anonymous_70)
FNDA:1,docReady
FNDA:4,onReady
FNDA:1,trigger
FNDA:1,defineDocReady
FNDA:1,(anonymous_75)
FNDA:1,(anonymous_76)
FNDA:1,match
FNDA:0,checkParent
FNDA:0,query
FNDA:0,matchChild
FNDA:0,(anonymous_81)
FNDA:1,(anonymous_82)
FNDA:0,(anonymous_83)
FNDA:1,factory
FNDA:4,(anonymous_85)
FNDA:0,(anonymous_86)
FNDA:0,(anonymous_87)
FNDA:0,(anonymous_88)
FNDA:0,(anonymous_89)
FNDA:0,(anonymous_90)
FNDA:0,(anonymous_91)
FNDA:0,isElementDOM2
FNDA:0,isElementQuirky
FNDA:1,(anonymous_94)
FNDA:0,setText
FNDA:0,(anonymous_96)
FNDA:0,(anonymous_97)
FNDA:0,(anonymous_98)
FNDA:0,(anonymous_99)
FNDA:0,(anonymous_100)
FNDA:0,(anonymous_101)
FNDA:0,(anonymous_102)
FNDA:1,(anonymous_103)
FNDA:0,(anonymous_104)
FNDA:1,(anonymous_105)
FNDA:1,(anonymous_106)
FNDA:1,(anonymous_107)
FNDA:0,(anonymous_108)
FNDA:1,factory
FNDA:0,(anonymous_110)
FNDA:0,(anonymous_111)
FNDA:0,isEmptyObj
FNDA:1,(anonymous_113)
FNDA:2,Item
FNDA:0,(anonymous_115)
FNDA:0,(anonymous_116)
FNDA:0,(anonymous_117)
FNDA:0,(anonymous_118)
FNDA:0,(anonymous_119)
FNDA:0,(anonymous_120)
FNDA:0,(anonymous_121)
FNDA:0,(anonymous_122)
FNDA:0,(anonymous_123)
FNDA:0,(anonymous_124)
FNDA:0,(anonymous_125)
FNDA:0,(anonymous_126)
FNDA:0,(anonymous_127)
FNDA:0,(anonymous_128)
FNDA:1,toDashedAll
FNDA:2,(anonymous_130)
FNDA:0,(anonymous_131)
FNDA:0,(anonymous_132)
FNDA:0,(anonymous_133)
FNDA:0,(anonymous_134)
FNDA:0,(anonymous_135)
FNDA:0,(anonymous_136)
FNDA:0,(anonymous_137)
FNDA:0,(anonymous_138)
FNDA:0,(anonymous_139)
FNDA:0,(anonymous_140)
FNDA:0,(anonymous_141)
FNDA:0,(anonymous_142)
FNDA:0,(anonymous_143)
FNDA:0,(anonymous_144)
FNDA:0,(anonymous_145)
FNDA:0,(anonymous_146)
FNDA:1,(anonymous_147)
FNDA:0,(anonymous_148)
FNDA:1,factory
FNDA:0,(anonymous_150)
FNDA:0,Outlayer
FNDA:0,(anonymous_152)
FNDA:0,(anonymous_153)
FNDA:0,(anonymous_154)
FNDA:0,(anonymous_155)
FNDA:0,(anonymous_156)
FNDA:0,(anonymous_157)
FNDA:0,(anonymous_158)
FNDA:0,(anonymous_159)
FNDA:0,(anonymous_160)
FNDA:0,(anonymous_161)
FNDA:0,(anonymous_162)
FNDA:0,(anonymous_163)
FNDA:0,(anonymous_164)
FNDA:0,(anonymous_165)
FNDA:0,(anonymous_166)
FNDA:0,(anonymous_167)
FNDA:0,(anonymous_168)
FNDA:0,(anonymous_169)
FNDA:0,(anonymous_170)
FNDA:0,(anonymous_171)
FNDA:0,onComplete
FNDA:0,tick
FNDA:0,(anonymous_174)
FNDA:0,(anonymous_175)
FNDA:0,(anonymous_176)
FNDA:0,(anonymous_177)
FNDA:0,(anonymous_178)
FNDA:0,(anonymous_179)
FNDA:0,(anonymous_180)
FNDA:0,(anonymous_181)
FNDA:0,(anonymous_182)
FNDA:0,(anonymous_183)
FNDA:0,(anonymous_184)
FNDA:0,(anonymous_185)
FNDA:0,(anonymous_186)
FNDA:0,delayed
FNDA:0,(anonymous_188)
FNDA:0,(anonymous_189)
FNDA:0,(anonymous_190)
FNDA:0,(anonymous_191)
FNDA:0,(anonymous_192)
FNDA:0,(anonymous_193)
FNDA:0,(anonymous_194)
FNDA:0,(anonymous_195)
FNDA:0,(anonymous_196)
FNDA:0,(anonymous_197)
FNDA:0,(anonymous_198)
FNDA:0,(anonymous_199)
FNDA:0,(anonymous_200)
FNDA:0,(anonymous_201)
FNDA:1,(anonymous_202)
FNDA:0,Layout
FNDA:0,LayoutItem
FNDA:1,(anonymous_205)
FNDA:1,factory
FNDA:0,(anonymous_207)
FNDA:0,Rect
FNDA:0,(anonymous_209)
FNDA:0,(anonymous_210)
FNDA:0,(anonymous_211)
FNDA:0,(anonymous_212)
FNDA:1,(anonymous_213)
FNDA:1,factory
FNDA:0,Packer
FNDA:0,(anonymous_216)
FNDA:0,(anonymous_217)
FNDA:0,(anonymous_218)
FNDA:0,(anonymous_219)
FNDA:0,(anonymous_220)
FNDA:0,(anonymous_221)
FNDA:0,(anonymous_222)
FNDA:0,(anonymous_223)
FNDA:0,(anonymous_224)
FNDA:1,(anonymous_225)
FNDA:1,factory
FNDA:0,PackeryItem
FNDA:0,(anonymous_228)
FNDA:0,(anonymous_229)
FNDA:0,(anonymous_230)
FNDA:0,(anonymous_231)
FNDA:0,(anonymous_232)
FNDA:0,(anonymous_233)
FNDA:0,(anonymous_234)
FNDA:0,(anonymous_235)
FNDA:1,(anonymous_236)
FNDA:1,factory
FNDA:0,(anonymous_238)
FNDA:0,(anonymous_239)
FNDA:0,(anonymous_240)
FNDA:0,(anonymous_241)
FNDA:0,(anonymous_242)
FNDA:0,handleUIDraggableStart
FNDA:0,handleUIDraggableDrag
FNDA:0,handleUIDraggableStop
FNDA:0,(anonymous_246)
FNDA:0,(anonymous_247)
FNDA:0,(anonymous_248)
FNDA:0,(anonymous_249)
FNDA:0,(anonymous_250)
FNDA:0,(anonymous_251)
FNDA:0,(anonymous_252)
FNDA:0,(anonymous_253)
FNDA:0,(anonymous_254)
FNDA:0,verticalSorter
FNDA:0,horizontalSorter
FNDA:0,(anonymous_257)
FNDA:0,(anonymous_258)
FNDA:0,(anonymous_259)
FNDA:0,tick
FNDA:0,(anonymous_261)
FNDA:0,(anonymous_262)
FNDA:0,(anonymous_263)
FNDA:0,(anonymous_264)
FNDA:0,(anonymous_265)
FNDA:0,delayed
FNDA:0,(anonymous_267)
FNDA:0,(anonymous_268)
FNDA:0,(anonymous_269)
FNDA:0,onLayoutComplete
FNDA:0,(anonymous_271)
FNDA:0,(anonymous_272)
DA:18,1
DA:24,1
DA:26,1
DA:30,1
DA:33,1
DA:34,0
DA:43,1
DA:45,1
DA:46,1
DA:50,0
DA:52,0
DA:53,0
DA:55,0
DA:63,1
DA:65,0
DA:73,1
DA:75,1
DA:76,0
DA:79,0
DA:81,0
DA:82,0
DA:83,0
DA:84,0
DA:85,0
DA:87,0
DA:89,0
DA:90,0
DA:91,0
DA:95,0
DA:98,0
DA:99,0
DA:103,0
DA:105,0
DA:106,0
DA:107,0
DA:109,0
DA:110,0
DA:113,0
DA:114,0
DA:130,1
DA:131,1
DA:132,1
DA:135,1
DA:140,1
DA:142,0
DA:143,1
DA:144,0
DA:147,1
DA:167,1
DA:173,1
DA:174,0
DA:179,1
DA:181,1
DA:182,1
DA:183,0
DA:185,1
DA:186,0
DA:188,1
DA:189,0
DA:193,0
DA:194,0
DA:196,0
DA:197,0
DA:198,0
DA:201,0
DA:202,0
DA:206,1
DA:207,0
DA:208,0
DA:211,1
DA:225,1
DA:227,0
DA:228,1
DA:230,0
DA:233,1
DA:248,1
DA:252,1
DA:253,1
DA:255,1
DA:256,8
DA:257,0
DA:261,8
DA:262,0
DA:266,8
DA:269,8
DA:270,8
DA:271,8
DA:272,8
DA:273,8
DA:279,1
DA:281,0
DA:282,0
DA:284,1
DA:286,0
DA:289,1
DA:303,1
DA:310,1
DA:311,0
DA:313,0
DA:314,0
DA:317,1
DA:319,1
DA:321,0
DA:326,1
DA:341,1
DA:342,0
DA:350,0
DA:351,0
DA:352,0
DA:354,0
DA:359,1
DA:363,1
DA:365,1
DA:372,1
DA:374,0
DA:375,0
DA:377,0
DA:379,0
DA:380,0
DA:381,0
DA:383,0
DA:386,0
DA:389,0
DA:390,0
DA:391,0
DA:392,0
DA:396,0
DA:402,0
DA:408,0
DA:409,0
DA:410,0
DA:411,0
DA:412,0
DA:413,0
DA:414,0
DA:416,0
DA:417,0
DA:418,0
DA:420,0
DA:421,0
DA:428,1
DA:429,0
DA:432,0
DA:433,0
DA:437,0
DA:438,0
DA:441,0
DA:444,0
DA:445,0
DA:448,0
DA:449,0
DA:450,0
DA:452,0
DA:456,0
DA:457,0
DA:458,0
DA:459,0
DA:460,0
DA:462,0
DA:465,0
DA:466,0
DA:467,0
DA:468,0
DA:469,0
DA:470,0
DA:472,0
DA:475,0
DA:476,0
DA:477,0
DA:482,0
DA:483,0
DA:484,0
DA:489,0
DA:490,0
DA:492,0
DA:493,0
DA:495,0
DA:500,1
DA:502,0
DA:503,0
DA:505,0
DA:507,0
DA:508,0
DA:509,0
DA:512,0
DA:513,0
DA:515,0
DA:516,0
DA:519,0
DA:520,0
DA:521,0
DA:524,0
DA:527,1
DA:532,1
DA:534,0
DA:535,1
DA:537,0
DA:540,1
DA:556,1
DA:560,1
DA:562,1
DA:564,1
DA:565,0
DA:567,0
DA:568,0
DA:571,1
DA:572,1
DA:573,3
DA:575,0
DA:576,0
DA:577,0
DA:579,0
DA:580,0
DA:583,0
DA:584,0
DA:586,0
DA:590,1
DA:592,1
DA:593,1
DA:594,0
DA:596,0
DA:597,0
DA:598,0
DA:599,0
DA:600,0
DA:603,0
DA:608,1
DA:615,1
DA:617,0
DA:618,1
DA:620,0
DA:623,1
DA:635,1
DA:644,1
DA:647,1
DA:648,1
DA:649,1
DA:659,1
DA:660,0
DA:661,0
DA:662,0
DA:663,0
DA:667,0
DA:677,1
DA:678,5
DA:679,0
DA:692,1
DA:693,0
DA:694,0
DA:695,0
DA:699,0
DA:700,0
DA:701,0
DA:702,0
DA:703,0
DA:708,0
DA:711,0
DA:720,1
DA:721,0
DA:722,0
DA:724,0
DA:725,0
DA:728,0
DA:737,1
DA:738,0
DA:739,0
DA:741,0
DA:742,0
DA:743,0
DA:746,0
DA:759,1
DA:760,0
DA:761,0
DA:762,0
DA:764,0
DA:765,0
DA:766,0
DA:773,0
DA:779,1
DA:789,1
DA:790,0
DA:799,1
DA:808,1
DA:809,0
DA:810,0
DA:819,1
DA:820,0
DA:821,0
DA:823,0
DA:834,1
DA:835,0
DA:836,0
DA:837,0
DA:839,0
DA:840,0
DA:841,0
DA:843,0
DA:844,0
DA:849,0
DA:855,1
DA:867,1
DA:869,0
DA:882,1
DA:884,0
DA:899,1
DA:900,0
DA:901,0
DA:902,0
DA:903,0
DA:906,0
DA:907,0
DA:908,0
DA:910,0
DA:911,0
DA:915,0
DA:924,0
DA:925,0
DA:926,0
DA:930,0
DA:942,1
DA:943,0
DA:944,0
DA:945,0
DA:948,0
DA:950,0
DA:952,0
DA:954,0
DA:955,0
DA:956,0
DA:962,0
DA:965,0
DA:973,1
DA:987,1
DA:988,0
DA:989,0
DA:990,0
DA:991,0
DA:992,0
DA:994,0
DA:995,0
DA:996,0
DA:998,0
DA:1001,0
DA:1003,0
DA:1004,0
DA:1007,0
DA:1009,0
DA:1010,0
DA:1016,0
DA:1022,1
DA:1032,1
DA:1033,0
DA:1034,0
DA:1045,1
DA:1046,0
DA:1047,0
DA:1058,1
DA:1059,0
DA:1060,0
DA:1063,0
DA:1073,1
DA:1074,0
DA:1082,1
DA:1083,0
DA:1084,0
DA:1088,1
DA:1089,0
DA:1090,0
DA:1093,1
DA:1094,0
DA:1097,1
DA:1110,1
DA:1114,1
DA:1116,1
DA:1118,1
DA:1120,1
DA:1121,0
DA:1124,1
DA:1126,0
DA:1129,1
DA:1133,1
DA:1136,1
DA:1138,4
DA:1139,4
DA:1140,3
DA:1143,1
DA:1146,1
DA:1147,1
DA:1149,1
DA:1150,1
DA:1151,1
DA:1155,1
DA:1157,1
DA:1158,0
DA:1161,1
DA:1162,1
DA:1163,1
DA:1166,1
DA:1170,1
DA:1172,0
DA:1173,1
DA:1174,0
DA:1177,1
DA:1191,1
DA:1195,1
DA:1197,1
DA:1198,0
DA:1201,1
DA:1202,0
DA:1205,1
DA:1207,1
DA:1208,1
DA:1209,1
DA:1210,1
DA:1211,1
DA:1218,1
DA:1219,1
DA:1224,1
DA:1226,0
DA:1227,0
DA:1229,0
DA:1230,0
DA:1237,1
DA:1239,0
DA:1242,0
DA:1243,0
DA:1245,0
DA:1246,0
DA:1250,0
DA:1255,1
DA:1256,0
DA:1257,0
DA:1262,1
DA:1264,1
DA:1267,1
DA:1268,1
DA:1269,1
DA:1271,0
DA:1275,1
DA:1277,0
DA:1278,0
DA:1280,1
DA:1281,0
DA:1285,1
DA:1297,1
DA:1302,1
DA:1304,0
DA:1308,0
DA:1310,1
DA:1312,0
DA:1319,1
DA:1330,1
DA:1335,1
DA:1336,4
DA:1337,53
DA:1339,4
DA:1344,1
DA:1345,0
DA:1350,1
DA:1351,1
DA:1352,0
DA:1358,1
DA:1359,0
DA:1360,0
DA:1362,0
DA:1363,0
DA:1365,0
DA:1366,0
DA:1370,0
DA:1372,0
DA:1378,1
DA:1379,0
DA:1381,0
DA:1382,0
DA:1383,0
DA:1386,0
DA:1391,1
DA:1392,0
DA:1393,0
DA:1394,0
DA:1401,1
DA:1403,0
DA:1406,0
DA:1412,1
DA:1413,1
DA:1414,1
DA:1416,0
DA:1417,0
DA:1419,1
DA:1424,1
DA:1425,0
DA:1426,0
DA:1427,0
DA:1428,0
DA:1436,1
DA:1437,0
DA:1438,0
DA:1440,0
DA:1446,1
DA:1447,0
DA:1448,0
DA:1449,0
DA:1455,1
DA:1457,0
DA:1458,0
DA:1460,0
DA:1461,0
DA:1463,0
DA:1464,0
DA:1467,0
DA:1469,0
DA:1470,0
DA:1473,0
DA:1475,0
DA:1476,0
DA:1479,0
DA:1483,0
DA:1488,1
DA:1490,0
DA:1491,0
DA:1493,0
DA:1494,0
DA:1495,0
DA:1496,0
DA:1498,0
DA:1500,0
DA:1501,0
DA:1502,0
DA:1503,0
DA:1511,1
DA:1512,1
DA:1513,0
DA:1517,1
DA:1523,1
DA:1524,1
DA:1525,1
DA:1526,1
DA:1527,1
DA:1529,1
DA:1530,0
DA:1531,0
DA:1532,0
DA:1533,0
DA:1534,0
DA:1537,0
DA:1538,0
DA:1542,0
DA:1545,0
DA:1547,0
DA:1548,0
DA:1549,0
DA:1557,1
DA:1565,1
DA:1568,1
DA:1570,0
DA:1577,0
DA:1580,1
DA:1582,0
DA:1591,1
DA:1592,1
DA:1606,1
DA:1607,1
DA:1609,0
DA:1612,0
DA:1616,1
DA:1617,0
DA:1618,0
DA:1620,0
DA:1621,0
DA:1626,1
DA:1627,1
DA:1628,1
DA:1629,1
DA:1631,1
DA:1639,1
DA:1647,1
DA:1648,1
DA:1649,1
DA:1650,4
DA:1651,4
DA:1652,4
DA:1653,4
DA:1656,1
DA:1661,1
DA:1662,2
DA:1663,2
DA:1666,0
DA:1668,0
DA:1669,0
DA:1674,0
DA:1678,1
DA:1680,1
DA:1682,0
DA:1688,0
DA:1694,1
DA:1695,0
DA:1696,0
DA:1697,0
DA:1701,1
DA:1702,0
DA:1709,1
DA:1710,0
DA:1712,0
DA:1714,0
DA:1715,0
DA:1720,1
DA:1721,0
DA:1722,0
DA:1723,0
DA:1724,0
DA:1725,0
DA:1726,0
DA:1728,0
DA:1729,0
DA:1731,0
DA:1735,0
DA:1736,0
DA:1738,0
DA:1739,0
DA:1741,0
DA:1742,0
DA:1746,1
DA:1747,0
DA:1748,0
DA:1749,0
DA:1752,0
DA:1753,0
DA:1754,0
DA:1756,0
DA:1758,0
DA:1760,0
DA:1763,0
DA:1764,0
DA:1765,0
DA:1767,0
DA:1769,0
DA:1771,0
DA:1773,0
DA:1774,0
DA:1777,1
DA:1778,0
DA:1779,0
DA:1783,1
DA:1784,0
DA:1785,0
DA:1790,1
DA:1791,0
DA:1793,0
DA:1794,0
DA:1796,0
DA:1797,0
DA:1798,0
DA:1801,0
DA:1804,0
DA:1805,0
DA:1806,0
DA:1809,0
DA:1810,0
DA:1811,0
DA:1812,0
DA:1814,0
DA:1823,1
DA:1825,0
DA:1826,0
DA:1827,0
DA:1829,0
DA:1830,0
DA:1833,0
DA:1837,1
DA:1838,0
DA:1839,0
DA:1843,1
DA:1846,1
DA:1847,0
DA:1848,0
DA:1859,1
DA:1860,0
DA:1861,0
DA:1862,0
DA:1864,0
DA:1865,0
DA:1877,1
DA:1879,0
DA:1880,0
DA:1881,0
DA:1884,0
DA:1886,0
DA:1887,0
DA:1890,0
DA:1891,0
DA:1893,0
DA:1894,0
DA:1899,0
DA:1900,0
DA:1902,0
DA:1904,0
DA:1907,0
DA:1909,0
DA:1911,0
DA:1917,1
DA:1918,1
DA:1919,2
DA:1923,1
DA:1926,1
DA:1929,0
DA:1930,0
DA:1943,0
DA:1948,0
DA:1951,1
DA:1955,1
DA:1956,0
DA:1959,1
DA:1960,0
DA:1964,1
DA:1970,1
DA:1972,0
DA:1973,0
DA:1975,0
DA:1977,0
DA:1980,0
DA:1982,0
DA:1984,0
DA:1987,0
DA:1989,0
DA:1990,0
DA:1993,0
DA:1994,0
DA:1995,0
DA:1996,0
DA:1999,0
DA:2002,1
DA:2003,0
DA:2004,0
DA:2005,0
DA:2012,1
DA:2014,0
DA:2015,0
DA:2016,0
DA:2018,0
DA:2021,1
DA:2026,1
DA:2028,0
DA:2034,1
DA:2035,0
DA:2037,0
DA:2038,0
DA:2041,1
DA:2043,0
DA:2044,0
DA:2045,0
DA:2049,0
DA:2050,0
DA:2051,0
DA:2053,0
DA:2056,1
DA:2057,0
DA:2059,0
DA:2061,0
DA:2063,0
DA:2064,0
DA:2065,0
DA:2067,0
DA:2075,1
DA:2078,0
DA:2079,0
DA:2088,1
DA:2089,0
DA:2091,0
DA:2092,0
DA:2095,0
DA:2096,0
DA:2100,1
DA:2102,0
DA:2104,0
DA:2106,0
DA:2108,0
DA:2109,0
DA:2110,0
DA:2112,0
DA:2121,1
DA:2124,0
DA:2125,0
DA:2126,0
DA:2130,1
DA:2131,0
DA:2142,1
DA:2152,1
DA:2156,1
DA:2158,0
DA:2166,0
DA:2169,1
DA:2171,0
DA:2181,1
DA:2196,1
DA:2197,1
DA:2198,1
DA:2203,1
DA:2205,1
DA:2213,1
DA:2214,0
DA:2215,0
DA:2216,0
DA:2217,0
DA:2220,0
DA:2222,0
DA:2224,0
DA:2225,0
DA:2229,0
DA:2230,0
DA:2233,0
DA:2234,0
DA:2235,0
DA:2238,0
DA:2240,0
DA:2241,0
DA:2246,1
DA:2247,1
DA:2250,1
DA:2272,1
DA:2278,1
DA:2279,0
DA:2282,1
DA:2284,0
DA:2286,0
DA:2287,0
DA:2289,0
DA:2292,0
DA:2293,0
DA:2298,1
DA:2300,0
DA:2309,1
DA:2311,0
DA:2312,0
DA:2315,0
DA:2316,0
DA:2317,0
DA:2318,0
DA:2319,0
DA:2322,0
DA:2330,1
DA:2331,0
DA:2338,1
DA:2339,0
DA:2340,0
DA:2341,0
DA:2343,0
DA:2351,1
DA:2352,0
DA:2353,0
DA:2356,0
DA:2358,0
DA:2361,0
DA:2365,1
DA:2370,1
DA:2371,0
DA:2375,1
DA:2376,0
DA:2389,1
DA:2390,0
DA:2391,0
DA:2392,0
DA:2394,0
DA:2397,0
DA:2398,0
DA:2399,0
DA:2400,0
DA:2403,0
DA:2411,1
DA:2412,0
DA:2414,0
DA:2416,0
DA:2425,1
DA:2426,0
DA:2427,0
DA:2428,0
DA:2429,0
DA:2430,0
DA:2433,0
DA:2441,1
DA:2442,0
DA:2444,0
DA:2446,0
DA:2449,0
DA:2451,0
DA:2452,0
DA:2454,0
DA:2456,0
DA:2457,0
DA:2458,0
DA:2461,0
DA:2469,1
DA:2470,0
DA:2482,1
DA:2483,0
DA:2484,0
DA:2485,0
DA:2496,1
DA:2497,0
DA:2499,0
DA:2501,0
DA:2509,1
DA:2510,0
DA:2513,1
DA:2514,0
DA:2515,0
DA:2517,0
DA:2518,0
DA:2519,0
DA:2520,0
DA:2530,1
DA:2536,1
DA:2537,0
DA:2538,0
DA:2541,0
DA:2543,0
DA:2544,0
DA:2550,0
DA:2551,0
DA:2559,1
DA:2560,0
DA:2561,1
DA:2562,0
DA:2565,0
DA:2566,0
DA:2567,0
DA:2568,0
DA:2571,0
DA:2572,1
DA:2573,0
DA:2574,0
DA:2575,0
DA:2580,0
DA:2581,0
DA:2582,0
DA:2592,1
DA:2594,0
DA:2595,0
DA:2597,0
DA:2599,0
DA:2600,0
DA:2602,0
DA:2603,0
DA:2604,0
DA:2607,0
DA:2620,1
DA:2621,0
DA:2622,0
DA:2623,0
DA:2631,1
DA:2632,0
DA:2633,0
DA:2634,0
DA:2642,1
DA:2643,0
DA:2644,0
DA:2645,0
DA:2648,0
DA:2650,0
DA:2651,0
DA:2652,0
DA:2660,1
DA:2661,0
DA:2662,0
DA:2663,0
DA:2666,0
DA:2667,0
DA:2669,0
DA:2670,0
DA:2680,1
DA:2681,0
DA:2682,0
DA:2685,0
DA:2686,0
DA:2688,0
DA:2689,0
DA:2692,1
DA:2693,0
DA:2694,0
DA:2697,0
DA:2699,0
DA:2700,0
DA:2701,0
DA:2706,1
DA:2708,0
DA:2709,0
DA:2710,0
DA:2721,1
DA:2728,1
DA:2729,0
DA:2730,0
DA:2731,0
DA:2732,0
DA:2738,0
DA:2745,1
DA:2746,0
DA:2747,0
DA:2748,0
DA:2755,1
DA:2757,0
DA:2758,0
DA:2760,0
DA:2761,0
DA:2767,1
DA:2768,0
DA:2769,0
DA:2771,0
DA:2778,1
DA:2779,0
DA:2780,0
DA:2783,0
DA:2784,1
DA:2785,0
DA:2786,0
DA:2789,0
DA:2793,1
DA:2796,0
DA:2797,0
DA:2800,0
DA:2807,1
DA:2808,0
DA:2811,0
DA:2812,0
DA:2822,1
DA:2823,0
DA:2825,0
DA:2826,0
DA:2828,0
DA:2835,1
DA:2836,0
DA:2837,0
DA:2838,0
DA:2841,0
DA:2842,0
DA:2849,1
DA:2850,0
DA:2851,0
DA:2852,0
DA:2855,0
DA:2856,0
DA:2858,0
DA:2859,0
DA:2861,0
DA:2862,0
DA:2864,0
DA:2871,1
DA:2872,0
DA:2874,0
DA:2875,0
DA:2876,0
DA:2877,0
DA:2885,1
DA:2886,0
DA:2888,0
DA:2889,0
DA:2890,0
DA:2891,0
DA:2899,1
DA:2900,0
DA:2901,0
DA:2908,1
DA:2909,0
DA:2910,0
DA:2919,1
DA:2921,0
DA:2922,0
DA:2923,0
DA:2925,0
DA:2935,1
DA:2936,0
DA:2937,0
DA:2938,0
DA:2939,0
DA:2940,0
DA:2941,0
DA:2942,0
DA:2946,0
DA:2953,1
DA:2954,0
DA:2956,0
DA:2959,0
DA:2960,0
DA:2963,0
DA:2964,0
DA:2965,0
DA:2967,0
DA:2974,1
DA:2976,0
DA:2977,0
DA:2978,0
DA:2979,0
DA:2981,0
DA:2982,0
DA:2983,0
DA:2986,0
DA:2988,0
DA:2989,0
DA:2990,0
DA:2992,0
DA:2993,0
DA:3005,1
DA:3006,0
DA:3007,0
DA:3008,0
DA:3018,1
DA:3020,1
DA:3021,0
DA:3024,1
DA:3025,1
DA:3027,0
DA:3030,1
DA:3032,1
DA:3034,1
DA:3036,1
DA:3038,1
DA:3040,1
DA:3043,1
DA:3044,0
DA:3047,1
DA:3051,1
DA:3056,1
DA:3057,1
DA:3060,1
DA:3066,1
DA:3068,1
DA:3078,1
DA:3081,1
DA:3083,0
DA:3084,1
DA:3086,0
DA:3089,1
DA:3090,1
DA:3099,1
DA:3103,1
DA:3105,0
DA:3106,0
DA:3109,0
DA:3110,0
DA:3116,1
DA:3118,1
DA:3130,1
DA:3132,0
DA:3133,0
DA:3134,0
DA:3145,1
DA:3146,0
DA:3147,0
DA:3148,0
DA:3149,0
DA:3152,0
DA:3162,1
DA:3165,0
DA:3166,0
DA:3169,0
DA:3170,0
DA:3172,0
DA:3173,0
DA:3174,0
DA:3175,0
DA:3178,0
DA:3179,0
DA:3185,0
DA:3189,0
DA:3190,0
DA:3196,0
DA:3200,0
DA:3201,0
DA:3207,0
DA:3211,0
DA:3212,0
DA:3218,0
DA:3221,0
DA:3224,1
DA:3225,0
DA:3228,1
DA:3237,1
DA:3240,1
DA:3242,0
DA:3243,1
DA:3245,0
DA:3250,1
DA:3251,1
DA:3265,1
DA:3266,0
DA:3267,0
DA:3268,0
DA:3270,0
DA:3273,1
DA:3274,0
DA:3275,0
DA:3277,0
DA:3284,0
DA:3286,0
DA:3290,1
DA:3291,0
DA:3292,0
DA:3293,0
DA:3294,0
DA:3295,0
DA:3300,1
DA:3302,0
DA:3303,0
DA:3305,0
DA:3309,1
DA:3311,0
DA:3312,0
DA:3313,0
DA:3314,0
DA:3316,0
DA:3317,0
DA:3319,0
DA:3323,0
DA:3325,0
DA:3328,1
DA:3330,0
DA:3331,0
DA:3335,1
DA:3336,0
DA:3337,0
DA:3347,1
DA:3348,0
DA:3349,0
DA:3351,0
DA:3352,0
DA:3355,0
DA:3357,0
DA:3359,0
DA:3360,0
DA:3361,0
DA:3364,0
DA:3365,0
DA:3368,0
DA:3369,0
DA:3374,0
DA:3381,1
DA:3384,0
DA:3388,0
DA:3395,1
DA:3402,1
DA:3406,1
DA:3408,0
DA:3414,1
DA:3416,0
DA:3423,1
DA:3435,1
DA:3438,1
DA:3439,0
DA:3442,1
DA:3444,1
DA:3445,1
DA:3447,0
DA:3448,0
DA:3450,0
DA:3455,1
DA:3456,0
DA:3457,0
DA:3459,0
DA:3460,0
DA:3462,0
DA:3465,0
DA:3466,0
DA:3467,0
DA:3468,0
DA:3469,0
DA:3477,1
DA:3478,0
DA:3479,0
DA:3480,0
DA:3481,0
DA:3482,0
DA:3485,1
DA:3486,0
DA:3487,0
DA:3488,0
DA:3490,0
DA:3492,0
DA:3503,1
DA:3504,0
DA:3505,0
DA:3515,1
DA:3516,0
DA:3517,0
DA:3518,0
DA:3519,0
DA:3522,0
DA:3523,0
DA:3525,0
DA:3526,0
DA:3530,0
DA:3532,0
DA:3533,0
DA:3535,0
DA:3537,0
DA:3540,0
DA:3541,0
DA:3542,0
DA:3544,0
DA:3546,0
DA:3547,0
DA:3548,0
DA:3550,0
DA:3553,0
DA:3554,0
DA:3556,0
DA:3559,1
DA:3560,0
DA:3561,0
DA:3567,1
DA:3568,0
DA:3570,0
DA:3571,0
DA:3576,1
DA:3591,1
DA:3594,1
DA:3596,0
DA:3605,1
DA:3607,0
DA:3617,1
DA:3633,1
DA:3634,0
DA:3640,1
DA:3641,1
DA:3643,1
DA:3645,0
DA:3648,0
DA:3651,0
DA:3654,0
DA:3655,0
DA:3657,0
DA:3660,0
DA:3663,0
DA:3667,0
DA:3670,0
DA:3671,0
DA:3673,0
DA:3676,0
DA:3677,0
DA:3679,0
DA:3682,0
DA:3683,0
DA:3685,0
DA:3697,1
DA:3698,0
DA:3700,0
DA:3703,0
DA:3705,0
DA:3706,0
DA:3707,0
DA:3708,0
DA:3710,0
DA:3711,0
DA:3712,0
DA:3715,0
DA:3718,0
DA:3719,0
DA:3726,1
DA:3727,0
DA:3728,0
DA:3729,0
DA:3732,1
DA:3733,0
DA:3734,0
DA:3742,1
DA:3743,0
DA:3745,0
DA:3746,0
DA:3754,1
DA:3755,0
DA:3756,0
DA:3764,1
DA:3765,0
DA:3766,0
DA:3767,0
DA:3770,0
DA:3771,0
DA:3772,0
DA:3775,0
DA:3776,0
DA:3785,1
DA:3787,0
DA:3788,0
DA:3790,0
DA:3792,0
DA:3793,0
DA:3794,0
DA:3795,0
DA:3798,1
DA:3799,0
DA:3800,0
DA:3804,0
DA:3817,1
DA:3819,0
DA:3820,0
DA:3821,0
DA:3822,0
DA:3824,0
DA:3825,0
DA:3831,0
DA:3833,0
DA:3834,0
DA:3839,1
DA:3840,0
DA:3843,1
DA:3844,0
DA:3847,1
DA:3848,0
DA:3849,0
DA:3861,1
DA:3862,0
DA:3863,0
DA:3864,0
DA:3868,0
DA:3871,0
DA:3873,0
DA:3875,0
DA:3877,0
DA:3878,0
DA:3881,0
DA:3883,0
DA:3884,0
DA:3886,0
DA:3889,0
DA:3890,0
DA:3892,0
DA:3894,0
DA:3902,1
DA:3903,0
DA:3904,0
DA:3905,1
DA:3906,0
DA:3907,0
DA:3908,0
DA:3910,0
DA:3913,0
DA:3914,0
DA:3915,0
DA:3918,0
DA:3919,0
DA:3920,0
DA:3927,1
DA:3929,0
DA:3932,0
DA:3933,0
DA:3934,0
DA:3935,0
DA:3938,0
DA:3947,1
DA:3948,0
DA:3949,0
DA:3950,0
DA:3951,0
DA:3961,1
DA:3962,0
DA:3963,0
DA:3964,0
DA:3968,0
DA:3970,1
DA:3971,0
DA:3972,0
DA:3975,0
DA:3977,0
DA:3980,1
DA:3981,0
DA:3982,0
DA:3990,1
DA:3991,0
DA:3992,0
DA:3993,0
DA:3994,0
DA:3995,0
DA:3999,0
DA:4000,0
DA:4001,0
DA:4005,0
DA:4008,0
DA:4010,0
DA:4011,0
DA:4012,0
DA:4013,0
DA:4015,0
DA:4018,0
DA:4019,0
DA:4020,0
DA:4030,1
DA:4031,0
DA:4032,0
DA:4033,0
DA:4034,0
DA:4036,0
DA:4037,0
DA:4039,0
DA:4040,0
DA:4043,0
DA:4044,0
DA:4045,0
DA:4046,0
DA:4049,0
DA:4051,0
DA:4054,0
DA:4055,0
DA:4058,0
DA:4066,1
DA:4067,0
DA:4068,0
DA:4069,0
DA:4076,1
DA:4077,0
DA:4083,1
DA:4084,1
DA:4086,1
LF:1509
LH:424
BRDA:33,1,0,0
BRDA:33,1,1,1
BRDA:45,2,0,1
BRDA:45,2,1,0
BRDA:52,3,0,0
BRDA:52,3,1,0
BRDA:63,4,0,0
BRDA:63,4,1,1
BRDA:76,5,0,0
BRDA:76,5,1,0
BRDA:84,6,0,0
BRDA:84,6,1,0
BRDA:89,7,0,0
BRDA:89,7,1,0
BRDA:89,8,0,0
BRDA:89,8,1,0
BRDA:98,9,0,0
BRDA:98,9,1,0
BRDA:107,10,0,0
BRDA:107,10,1,0
BRDA:140,11,0,0
BRDA:140,11,1,1
BRDA:140,12,0,1
BRDA:140,12,1,0
BRDA:143,13,0,0
BRDA:143,13,1,1
BRDA:181,14,0,1
BRDA:181,14,1,0
BRDA:197,15,0,0
BRDA:197,15,1,0
BRDA:207,16,0,0
BRDA:207,16,1,0
BRDA:225,17,0,0
BRDA:225,17,1,1
BRDA:225,18,0,1
BRDA:225,18,1,0
BRDA:228,19,0,0
BRDA:228,19,1,1
BRDA:256,20,0,0
BRDA:256,20,1,8
BRDA:261,21,0,0
BRDA:261,21,1,8
BRDA:272,22,0,8
BRDA:272,22,1,0
BRDA:279,23,0,0
BRDA:279,23,1,1
BRDA:279,24,0,1
BRDA:279,24,1,0
BRDA:284,25,0,0
BRDA:284,25,1,1
BRDA:313,26,0,0
BRDA:313,26,1,0
BRDA:314,27,0,0
BRDA:314,27,1,0
BRDA:319,28,0,0
BRDA:319,28,1,1
BRDA:374,29,0,0
BRDA:374,29,1,0
BRDA:381,30,0,0
BRDA:381,30,1,0
BRDA:391,31,0,0
BRDA:391,31,1,0
BRDA:408,32,0,0
BRDA:408,32,1,0
BRDA:416,33,0,0
BRDA:416,33,1,0
BRDA:432,34,0,0
BRDA:432,34,1,0
BRDA:437,35,0,0
BRDA:437,35,1,0
BRDA:437,36,0,0
BRDA:437,36,1,0
BRDA:437,36,2,0
BRDA:444,37,0,0
BRDA:444,37,1,0
BRDA:452,38,0,0
BRDA:452,38,1,0
BRDA:452,38,2,0
BRDA:462,39,0,0
BRDA:462,39,1,0
BRDA:472,40,0,0
BRDA:472,40,1,0
BRDA:476,41,0,0
BRDA:476,41,1,0
BRDA:479,42,0,0
BRDA:479,42,1,0
BRDA:483,43,0,0
BRDA:483,43,1,0
BRDA:486,44,0,0
BRDA:486,44,1,0
BRDA:502,45,0,0
BRDA:502,45,1,0
BRDA:502,46,0,0
BRDA:502,46,1,0
BRDA:509,47,0,0
BRDA:509,47,1,0
BRDA:512,48,0,0
BRDA:512,48,1,0
BRDA:520,49,0,0
BRDA:520,49,1,0
BRDA:532,50,0,0
BRDA:532,50,1,1
BRDA:532,51,0,1
BRDA:532,51,1,0
BRDA:535,52,0,0
BRDA:535,52,1,1
BRDA:567,53,0,0
BRDA:567,53,1,0
BRDA:567,53,2,0
BRDA:571,54,0,1
BRDA:571,54,1,0
BRDA:575,55,0,0
BRDA:575,55,1,0
BRDA:577,56,0,0
BRDA:577,56,1,0
BRDA:592,57,0,1
BRDA:592,57,1,0
BRDA:596,58,0,0
BRDA:596,58,1,0
BRDA:615,59,0,0
BRDA:615,59,1,1
BRDA:615,60,0,1
BRDA:615,60,1,0
BRDA:618,61,0,0
BRDA:618,61,1,1
BRDA:662,62,0,0
BRDA:662,62,1,0
BRDA:699,63,0,0
BRDA:699,63,1,0
BRDA:702,64,0,0
BRDA:702,64,1,0
BRDA:702,65,0,0
BRDA:702,65,1,0
BRDA:708,66,0,0
BRDA:708,66,1,0
BRDA:741,67,0,0
BRDA:741,67,1,0
BRDA:746,68,0,0
BRDA:746,68,1,0
BRDA:765,69,0,0
BRDA:765,69,1,0
BRDA:765,70,0,0
BRDA:765,70,1,0
BRDA:766,71,0,0
BRDA:766,71,1,0
BRDA:840,72,0,0
BRDA:840,72,1,0
BRDA:843,73,0,0
BRDA:843,73,1,0
BRDA:902,74,0,0
BRDA:902,74,1,0
BRDA:903,75,0,0
BRDA:903,75,1,0
BRDA:906,76,0,0
BRDA:906,76,1,0
BRDA:906,77,0,0
BRDA:906,77,1,0
BRDA:908,78,0,0
BRDA:908,78,1,0
BRDA:908,79,0,0
BRDA:908,79,1,0
BRDA:910,80,0,0
BRDA:910,80,1,0
BRDA:948,81,0,0
BRDA:948,81,1,0
BRDA:952,82,0,0
BRDA:952,82,1,0
BRDA:955,83,0,0
BRDA:955,83,1,0
BRDA:955,84,0,0
BRDA:955,84,1,0
BRDA:995,85,0,0
BRDA:995,85,1,0
BRDA:1003,86,0,0
BRDA:1003,86,1,0
BRDA:1007,87,0,0
BRDA:1007,87,1,0
BRDA:1009,88,0,0
BRDA:1009,88,1,0
BRDA:1059,89,0,0
BRDA:1059,89,1,0
BRDA:1074,90,0,0
BRDA:1074,90,1,0
BRDA:1088,91,0,0
BRDA:1088,91,1,1
BRDA:1088,92,0,1
BRDA:1088,92,1,0
BRDA:1093,93,0,0
BRDA:1093,93,1,1
BRDA:1093,94,0,1
BRDA:1093,94,1,0
BRDA:1120,95,0,0
BRDA:1120,95,1,1
BRDA:1124,96,0,0
BRDA:1124,96,1,1
BRDA:1138,97,0,4
BRDA:1138,97,1,2
BRDA:1139,98,0,3
BRDA:1139,98,1,1
BRDA:1139,99,0,4
BRDA:1139,99,1,2
BRDA:1157,100,0,0
BRDA:1157,100,1,1
BRDA:1170,101,0,0
BRDA:1170,101,1,1
BRDA:1170,102,0,1
BRDA:1170,102,1,0
BRDA:1173,103,0,0
BRDA:1173,103,1,1
BRDA:1197,104,0,0
BRDA:1197,104,1,1
BRDA:1201,105,0,0
BRDA:1201,105,1,1
BRDA:1210,106,0,1
BRDA:1210,106,1,0
BRDA:1226,107,0,0
BRDA:1226,107,1,0
BRDA:1245,108,0,0
BRDA:1245,108,1,0
BRDA:1264,109,0,1
BRDA:1264,109,1,0
BRDA:1269,110,0,1
BRDA:1269,110,1,0
BRDA:1275,111,0,0
BRDA:1275,111,1,1
BRDA:1275,112,0,1
BRDA:1275,112,1,0
BRDA:1280,113,0,0
BRDA:1280,113,1,1
BRDA:1302,114,0,0
BRDA:1302,114,1,1
BRDA:1302,115,0,1
BRDA:1302,115,1,0
BRDA:1310,116,0,0
BRDA:1310,116,1,1
BRDA:1360,117,0,0
BRDA:1360,117,1,0
BRDA:1363,118,0,0
BRDA:1363,118,1,0
BRDA:1363,119,0,0
BRDA:1363,119,1,0
BRDA:1378,120,0,1
BRDA:1378,120,1,0
BRDA:1382,121,0,0
BRDA:1382,121,1,0
BRDA:1393,122,0,0
BRDA:1393,122,1,0
BRDA:1401,123,0,1
BRDA:1401,123,1,0
BRDA:1401,124,0,1
BRDA:1401,124,1,1
BRDA:1406,125,0,0
BRDA:1406,125,1,0
BRDA:1406,125,2,0
BRDA:1406,125,3,0
BRDA:1416,126,0,0
BRDA:1416,126,1,0
BRDA:1416,127,0,0
BRDA:1416,127,1,0
BRDA:1427,128,0,0
BRDA:1427,128,1,0
BRDA:1437,129,0,0
BRDA:1437,129,1,0
BRDA:1448,130,0,0
BRDA:1448,130,1,0
BRDA:1463,131,0,0
BRDA:1463,131,1,0
BRDA:1467,132,0,0
BRDA:1467,132,1,0
BRDA:1469,133,0,0
BRDA:1469,133,1,0
BRDA:1495,134,0,0
BRDA:1495,134,1,0
BRDA:1504,135,0,0
BRDA:1504,135,1,0
BRDA:1534,136,0,0
BRDA:1534,136,1,0
BRDA:1537,137,0,0
BRDA:1537,137,1,0
BRDA:1539,138,0,0
BRDA:1539,138,1,0
BRDA:1548,139,0,0
BRDA:1548,139,1,0
BRDA:1568,140,0,0
BRDA:1568,140,1,1
BRDA:1568,141,0,1
BRDA:1568,141,1,0
BRDA:1580,142,0,0
BRDA:1580,142,1,1
BRDA:1607,143,0,1
BRDA:1607,143,1,0
BRDA:1628,144,0,1
BRDA:1628,144,1,1
BRDA:1652,145,0,4
BRDA:1652,145,1,0
BRDA:1652,146,0,4
BRDA:1652,146,1,4
BRDA:1662,147,0,2
BRDA:1662,147,1,0
BRDA:1696,148,0,0
BRDA:1696,148,1,0
BRDA:1714,149,0,0
BRDA:1714,149,1,0
BRDA:1725,150,0,0
BRDA:1725,150,1,0
BRDA:1726,151,0,0
BRDA:1726,151,1,0
BRDA:1729,152,0,0
BRDA:1729,152,1,0
BRDA:1731,153,0,0
BRDA:1731,153,1,0
BRDA:1735,154,0,0
BRDA:1735,154,1,0
BRDA:1736,155,0,0
BRDA:1736,155,1,0
BRDA:1738,156,0,0
BRDA:1738,156,1,0
BRDA:1739,157,0,0
BRDA:1739,157,1,0
BRDA:1752,158,0,0
BRDA:1752,158,1,0
BRDA:1753,159,0,0
BRDA:1753,159,1,0
BRDA:1754,160,0,0
BRDA:1754,160,1,0
BRDA:1763,161,0,0
BRDA:1763,161,1,0
BRDA:1764,162,0,0
BRDA:1764,162,1,0
BRDA:1765,163,0,0
BRDA:1765,163,1,0
BRDA:1779,164,0,0
BRDA:1779,164,1,0
BRDA:1779,165,0,0
BRDA:1779,165,1,0
BRDA:1785,166,0,0
BRDA:1785,166,1,0
BRDA:1785,167,0,0
BRDA:1785,167,1,0
BRDA:1798,168,0,0
BRDA:1798,168,1,0
BRDA:1804,169,0,0
BRDA:1804,169,1,0
BRDA:1804,170,0,0
BRDA:1804,170,1,0
BRDA:1826,171,0,0
BRDA:1826,171,1,0
BRDA:1827,172,0,0
BRDA:1827,172,1,0
BRDA:1829,173,0,0
BRDA:1829,173,1,0
BRDA:1843,174,0,1
BRDA:1843,174,1,0
BRDA:1861,175,0,0
BRDA:1861,175,1,0
BRDA:1879,176,0,0
BRDA:1879,176,1,0
BRDA:1893,177,0,0
BRDA:1893,177,1,0
BRDA:1899,178,0,0
BRDA:1899,178,1,0
BRDA:1924,179,0,1
BRDA:1924,179,1,0
BRDA:1929,180,0,0
BRDA:1929,180,1,0
BRDA:1951,181,0,1
BRDA:1951,181,1,0
BRDA:1972,182,0,0
BRDA:1972,182,1,0
BRDA:1977,183,0,0
BRDA:1977,183,1,0
BRDA:1982,184,0,0
BRDA:1982,184,1,0
BRDA:1987,185,0,0
BRDA:1987,185,1,0
BRDA:1993,186,0,0
BRDA:1993,186,1,0
BRDA:2043,187,0,0
BRDA:2043,187,1,0
BRDA:2043,188,0,0
BRDA:2043,188,1,0
BRDA:2078,189,0,0
BRDA:2078,189,1,0
BRDA:2091,190,0,0
BRDA:2091,190,1,0
BRDA:2124,191,0,0
BRDA:2124,191,1,0
BRDA:2156,192,0,0
BRDA:2156,192,1,1
BRDA:2156,193,0,1
BRDA:2156,193,1,0
BRDA:2169,194,0,0
BRDA:2169,194,1,1
BRDA:2215,195,0,0
BRDA:2215,195,1,0
BRDA:2216,196,0,0
BRDA:2216,196,1,0
BRDA:2218,197,0,0
BRDA:2218,197,1,0
BRDA:2224,198,0,0
BRDA:2224,198,1,0
BRDA:2240,199,0,0
BRDA:2240,199,1,0
BRDA:2292,200,0,0
BRDA:2292,200,1,0
BRDA:2356,201,0,0
BRDA:2356,201,1,0
BRDA:2392,202,0,0
BRDA:2392,202,1,0
BRDA:2397,203,0,0
BRDA:2397,203,1,0
BRDA:2399,204,0,0
BRDA:2399,204,1,0
BRDA:2403,205,0,0
BRDA:2403,205,1,0
BRDA:2429,206,0,0
BRDA:2429,206,1,0
BRDA:2444,207,0,0
BRDA:2444,207,1,0
BRDA:2444,208,0,0
BRDA:2444,208,1,0
BRDA:2457,209,0,0
BRDA:2457,209,1,0
BRDA:2497,210,0,0
BRDA:2497,210,1,0
BRDA:2514,211,0,0
BRDA:2514,211,1,0
BRDA:2518,212,0,0
BRDA:2518,212,1,0
BRDA:2537,213,0,0
BRDA:2537,213,1,0
BRDA:2543,214,0,0
BRDA:2543,214,1,0
BRDA:2544,215,0,0
BRDA:2544,215,1,0
BRDA:2551,216,0,0
BRDA:2551,216,1,0
BRDA:2566,217,0,0
BRDA:2566,217,1,0
BRDA:2566,218,0,0
BRDA:2566,218,1,0
BRDA:2574,219,0,0
BRDA:2574,219,1,0
BRDA:2594,220,0,0
BRDA:2594,220,1,0
BRDA:2597,221,0,0
BRDA:2597,221,1,0
BRDA:2599,222,0,0
BRDA:2599,222,1,0
BRDA:2600,223,0,0
BRDA:2600,223,1,0
BRDA:2622,224,0,0
BRDA:2622,224,1,0
BRDA:2633,225,0,0
BRDA:2633,225,1,0
BRDA:2644,226,0,0
BRDA:2644,226,1,0
BRDA:2662,227,0,0
BRDA:2662,227,1,0
BRDA:2681,228,0,0
BRDA:2681,228,1,0
BRDA:2685,229,0,0
BRDA:2685,229,1,0
BRDA:2693,230,0,0
BRDA:2693,230,1,0
BRDA:2693,231,0,0
BRDA:2693,231,1,0
BRDA:2747,232,0,0
BRDA:2747,232,1,0
BRDA:2757,233,0,0
BRDA:2757,233,1,0
BRDA:2768,234,0,0
BRDA:2768,234,1,0
BRDA:2779,235,0,0
BRDA:2779,235,1,0
BRDA:2796,236,0,0
BRDA:2796,236,1,0
BRDA:2796,237,0,0
BRDA:2796,237,1,0
BRDA:2811,238,0,0
BRDA:2811,238,1,0
BRDA:2812,239,0,0
BRDA:2812,239,1,0
BRDA:2825,240,0,0
BRDA:2825,240,1,0
BRDA:2837,241,0,0
BRDA:2837,241,1,0
BRDA:2851,242,0,0
BRDA:2851,242,1,0
BRDA:2874,243,0,0
BRDA:2874,243,1,0
BRDA:2875,244,0,0
BRDA:2875,244,1,0
BRDA:2888,245,0,0
BRDA:2888,245,1,0
BRDA:2889,246,0,0
BRDA:2889,246,1,0
BRDA:2923,247,0,0
BRDA:2923,247,1,0
BRDA:2941,248,0,0
BRDA:2941,248,1,0
BRDA:2959,249,0,0
BRDA:2959,249,1,0
BRDA:2959,250,0,0
BRDA:2959,250,1,0
BRDA:2992,251,0,0
BRDA:2992,251,1,0
BRDA:3007,252,0,0
BRDA:3007,252,1,0
BRDA:3008,253,0,0
BRDA:3008,253,1,0
BRDA:3024,254,0,1
BRDA:3024,254,1,0
BRDA:3056,255,0,1
BRDA:3056,255,1,0
BRDA:3056,256,0,1
BRDA:3056,256,1,1
BRDA:3081,257,0,0
BRDA:3081,257,1,1
BRDA:3081,258,0,1
BRDA:3081,258,1,0
BRDA:3084,259,0,0
BRDA:3084,259,1,1
BRDA:3089,260,0,1
BRDA:3089,260,1,1
BRDA:3132,261,0,0
BRDA:3132,261,1,0
BRDA:3133,262,0,0
BRDA:3133,262,1,0
BRDA:3134,263,0,0
BRDA:3134,263,1,0
BRDA:3134,263,2,0
BRDA:3134,263,3,0
BRDA:3152,264,0,0
BRDA:3152,264,1,0
BRDA:3152,264,2,0
BRDA:3152,264,3,0
BRDA:3165,265,0,0
BRDA:3165,265,1,0
BRDA:3178,266,0,0
BRDA:3178,266,1,0
BRDA:3189,267,0,0
BRDA:3189,267,1,0
BRDA:3200,268,0,0
BRDA:3200,268,1,0
BRDA:3211,269,0,0
BRDA:3211,269,1,0
BRDA:3225,270,0,0
BRDA:3225,270,1,0
BRDA:3240,271,0,0
BRDA:3240,271,1,1
BRDA:3240,272,0,1
BRDA:3240,272,1,0
BRDA:3243,273,0,0
BRDA:3243,273,1,1
BRDA:3250,274,0,1
BRDA:3250,274,1,0
BRDA:3266,275,0,0
BRDA:3266,275,1,0
BRDA:3267,276,0,0
BRDA:3267,276,1,0
BRDA:3268,277,0,0
BRDA:3268,277,1,0
BRDA:3286,278,0,0
BRDA:3286,278,1,0
BRDA:3293,279,0,0
BRDA:3293,279,1,0
BRDA:3316,280,0,0
BRDA:3316,280,1,0
BRDA:3351,281,0,0
BRDA:3351,281,1,0
BRDA:3364,282,0,0
BRDA:3364,282,1,0
BRDA:3365,283,0,0
BRDA:3365,283,1,0
BRDA:3384,284,0,0
BRDA:3384,284,1,0
BRDA:3388,285,0,0
BRDA:3388,285,1,0
BRDA:3406,286,0,0
BRDA:3406,286,1,1
BRDA:3406,287,0,1
BRDA:3406,287,1,0
BRDA:3414,288,0,0
BRDA:3414,288,1,1
BRDA:3459,289,0,0
BRDA:3459,289,1,0
BRDA:3459,290,0,0
BRDA:3459,290,1,0
BRDA:3490,291,0,0
BRDA:3490,291,1,0
BRDA:3516,292,0,0
BRDA:3516,292,1,0
BRDA:3518,293,0,0
BRDA:3518,293,1,0
BRDA:3522,294,0,0
BRDA:3522,294,1,0
BRDA:3525,295,0,0
BRDA:3525,295,1,0
BRDA:3532,296,0,0
BRDA:3532,296,1,0
BRDA:3535,297,0,0
BRDA:3535,297,1,0
BRDA:3541,298,0,0
BRDA:3541,298,1,0
BRDA:3542,299,0,0
BRDA:3542,299,1,0
BRDA:3544,300,0,0
BRDA:3544,300,1,0
BRDA:3553,301,0,0
BRDA:3553,301,1,0
BRDA:3554,302,0,0
BRDA:3554,302,1,0
BRDA:3594,303,0,0
BRDA:3594,303,1,1
BRDA:3594,304,0,1
BRDA:3594,304,1,0
BRDA:3605,305,0,0
BRDA:3605,305,1,1
BRDA:3634,306,0,0
BRDA:3634,306,1,0
BRDA:3670,307,0,0
BRDA:3670,307,1,0
BRDA:3676,308,0,0
BRDA:3676,308,1,0
BRDA:3682,309,0,0
BRDA:3682,309,1,0
BRDA:3705,310,0,0
BRDA:3705,310,1,0
BRDA:3770,311,0,0
BRDA:3770,311,1,0
BRDA:3770,312,0,0
BRDA:3770,312,1,0
BRDA:3787,313,0,0
BRDA:3787,313,1,0
BRDA:3793,314,0,0
BRDA:3793,314,1,0
BRDA:3793,315,0,0
BRDA:3793,315,1,0
BRDA:3799,316,0,0
BRDA:3799,316,1,0
BRDA:3821,317,0,0
BRDA:3821,317,1,0
BRDA:3821,318,0,0
BRDA:3821,318,1,0
BRDA:3826,319,0,0
BRDA:3826,319,1,0
BRDA:3827,320,0,0
BRDA:3827,320,1,0
BRDA:3840,321,0,0
BRDA:3840,321,1,0
BRDA:3844,322,0,0
BRDA:3844,322,1,0
BRDA:3848,323,0,0
BRDA:3848,323,1,0
BRDA:3863,324,0,0
BRDA:3863,324,1,0
BRDA:3877,325,0,0
BRDA:3877,325,1,0
BRDA:3878,326,0,0
BRDA:3878,326,1,0
BRDA:3907,327,0,0
BRDA:3907,327,1,0
BRDA:3932,328,0,0
BRDA:3932,328,1,0
BRDA:3933,329,0,0
BRDA:3933,329,1,0
BRDA:3934,330,0,0
BRDA:3934,330,1,0
BRDA:3934,331,0,0
BRDA:3934,331,1,0
BRDA:3950,332,0,0
BRDA:3950,332,1,0
BRDA:3963,333,0,0
BRDA:3963,333,1,0
BRDA:3981,334,0,0
BRDA:3981,334,1,0
BRDA:3993,335,0,0
BRDA:3993,335,1,0
BRDA:3999,336,0,0
BRDA:3999,336,1,0
BRDA:3999,337,0,0
BRDA:3999,337,1,0
BRDA:3999,337,2,0
BRDA:4010,338,0,0
BRDA:4010,338,1,0
BRDA:4013,339,0,0
BRDA:4013,339,1,0
BRDA:4031,340,0,0
BRDA:4031,340,1,0
BRDA:4033,341,0,0
BRDA:4033,341,1,0
BRDA:4039,342,0,0
BRDA:4039,342,1,0
BRDA:4043,343,0,0
BRDA:4043,343,1,0
BRDA:4054,344,0,0
BRDA:4054,344,1,0
BRF:698
BRH:91
end_of_record
TN:
SF:./app/core/styleCore/ui-harmonize-tpls-1.0.0.js
FN:12,(anonymous_1)
FN:15,(anonymous_2)
FN:16,expand
FN:23,expandDone
FN:28,collapse
FN:44,collapseDone
FN:50,(anonymous_7)
FN:67,(anonymous_8)
FN:73,(anonymous_9)
FN:76,(anonymous_10)
FN:85,(anonymous_11)
FN:89,(anonymous_12)
FN:95,(anonymous_13)
FN:106,(anonymous_14)
FN:117,(anonymous_15)
FN:129,(anonymous_16)
FN:130,(anonymous_17)
FN:134,(anonymous_18)
FN:137,(anonymous_19)
FN:143,(anonymous_20)
FN:156,(anonymous_21)
FN:163,(anonymous_22)
FN:178,(anonymous_23)
FN:181,(anonymous_24)
FN:182,(anonymous_25)
FN:182,(anonymous_26)
FN:196,(anonymous_27)
FN:197,(anonymous_28)
FN:199,bindHtmlUnsafeWatchAction
FN:206,(anonymous_30)
FN:215,(anonymous_31)
FN:219,(anonymous_32)
FN:223,(anonymous_33)
FN:227,(anonymous_34)
FN:231,(anonymous_35)
FN:235,(anonymous_36)
FN:239,(anonymous_37)
FN:243,(anonymous_38)
FN:247,(anonymous_39)
FN:257,(anonymous_40)
FN:261,(anonymous_41)
FN:265,(anonymous_42)
FN:269,(anonymous_43)
FN:273,(anonymous_44)
FN:277,(anonymous_45)
FN:281,(anonymous_46)
FN:285,createParser
FN:288,(anonymous_48)
FN:312,(anonymous_49)
FN:363,isValid
FN:388,(anonymous_51)
FN:390,getStyle
FN:404,isStaticPositioned
FN:412,(anonymous_54)
FN:426,(anonymous_55)
FN:449,(anonymous_56)
FN:462,(anonymous_57)
FN:478,(anonymous_58)
FN:481,(anonymous_59)
FN:484,(anonymous_60)
FN:490,(anonymous_61)
FN:493,(anonymous_62)
FN:496,(anonymous_63)
FN:553,(anonymous_64)
FN:562,(anonymous_65)
FN:567,(anonymous_66)
FN:569,(anonymous_67)
FN:584,(anonymous_68)
FN:594,(anonymous_69)
FN:602,(anonymous_70)
FN:605,(anonymous_71)
FN:610,(anonymous_72)
[...]
DA:1245,0
DA:1248,0
DA:1250,0
DA:1252,0
DA:1253,0
DA:1255,0
DA:1258,0
DA:1259,0
DA:1260,0
DA:1261,0
DA:1268,0
DA:1274,0
DA:1275,0
DA:1276,0
DA:1282,1
DA:1285,0
DA:1286,0
DA:1288,0
DA:1289,0
DA:1290,0
DA:1293,0
DA:1294,0
DA:1295,0
DA:1296,0
DA:1297,0
DA:1302,0
DA:1303,0
DA:1304,0
DA:1306,1
DA:1307,0
DA:1308,0
DA:1312,1
DA:1314,0
DA:1315,0
DA:1321,0
DA:1335,0
DA:1344,0
DA:1345,0
DA:1353,0
DA:1354,0
DA:1355,0
DA:1363,1
DA:1370,0
DA:1372,0
DA:1374,0
DA:1376,0
DA:1382,0
DA:1383,0
DA:1384,0
DA:1389,0
DA:1390,0
DA:1391,0
DA:1393,0
DA:1396,0
DA:1399,0
DA:1400,0
DA:1401,0
DA:1402,0
DA:1403,0
DA:1406,0
DA:1409,0
DA:1412,0
DA:1423,0
DA:1428,0
DA:1429,0
DA:1433,1
DA:1434,0
DA:1437,0
DA:1438,0
DA:1444,0
DA:1453,0
DA:1456,0
DA:1457,0
DA:1459,0
DA:1460,0
DA:1461,0
DA:1462,0
DA:1463,0
DA:1464,0
DA:1471,0
DA:1474,0
DA:1477,0
DA:1478,0
DA:1479,0
DA:1483,0
DA:1485,0
DA:1487,0
DA:1496,0
DA:1497,0
DA:1499,0
DA:1503,0
DA:1504,0
DA:1505,0
DA:1514,0
DA:1516,0
DA:1517,0
DA:1524,0
DA:1526,0
DA:1527,0
DA:1528,0
DA:1537,0
DA:1539,0
DA:1540,0
DA:1541,0
DA:1543,1
DA:1544,0
DA:1545,0
DA:1546,0
DA:1547,0
DA:1548,0
DA:1551,0
DA:1554,0
DA:1555,0
DA:1556,0
DA:1560,1
DA:1562,0
DA:1563,0
DA:1566,0
DA:1569,0
DA:1570,0
DA:1571,0
DA:1575,0
DA:1576,0
DA:1578,0
DA:1582,1
DA:1584,0
DA:1585,0
DA:1586,0
DA:1587,0
DA:1589,0
DA:1590,0
DA:1594,1
DA:1596,0
DA:1598,0
DA:1600,0
DA:1601,0
DA:1605,0
DA:1608,1
DA:1609,0
DA:1610,0
DA:1612,0
DA:1614,0
DA:1615,0
DA:1616,0
DA:1617,0
DA:1622,0
DA:1623,0
DA:1625,0
DA:1626,0
DA:1627,0
DA:1628,0
DA:1629,0
DA:1630,0
DA:1636,0
DA:1638,0
DA:1640,0
DA:1648,0
DA:1651,0
DA:1652,0
DA:1653,0
DA:1654,0
DA:1655,0
DA:1656,0
DA:1657,0
DA:1659,0
DA:1660,0
DA:1663,0
DA:1664,0
DA:1671,0
DA:1672,0
DA:1675,0
DA:1676,0
DA:1677,0
DA:1678,0
DA:1679,0
DA:1682,1
DA:1683,0
DA:1686,0
DA:1687,0
DA:1688,0
DA:1689,0
DA:1690,0
DA:1691,0
DA:1693,0
DA:1696,0
DA:1697,0
DA:1698,0
DA:1699,0
DA:1700,0
DA:1701,0
DA:1703,0
DA:1706,0
DA:1707,0
DA:1708,0
DA:1709,0
DA:1713,0
DA:1714,0
DA:1717,0
DA:1718,0
DA:1719,0
DA:1720,0
DA:1724,0
DA:1729,0
DA:1738,0
DA:1740,1
DA:1741,0
DA:1745,1
DA:1746,0
DA:1747,0
DA:1748,0
DA:1749,0
DA:1752,0
DA:1755,0
DA:1757,0
DA:1758,0
DA:1759,0
DA:1762,0
DA:1767,0
DA:1770,0
DA:1775,0
DA:1776,0
DA:1779,0
DA:1780,0
DA:1783,0
DA:1787,0
DA:1789,0
DA:1790,0
DA:1791,0
DA:1793,0
DA:1794,0
DA:1797,0
DA:1798,0
DA:1799,0
DA:1800,0
DA:1801,0
DA:1804,0
DA:1805,0
DA:1806,0
DA:1810,0
DA:1825,0
DA:1828,0
DA:1829,0
DA:1831,0
DA:1834,0
DA:1837,0
DA:1841,0
DA:1844,1
DA:1858,0
DA:1862,0
DA:1863,0
DA:1864,0
DA:1866,0
DA:1867,0
DA:1870,0
DA:1873,0
DA:1874,0
DA:1875,0
DA:1878,0
DA:1879,0
DA:1880,0
DA:1883,0
DA:1884,0
DA:1887,0
DA:1888,0
DA:1889,0
DA:1890,0
DA:1894,0
DA:1895,0
DA:1896,0
DA:1897,0
DA:1902,0
DA:1903,0
DA:1904,0
DA:1905,0
DA:1907,0
DA:1909,0
DA:1910,0
DA:1911,0
DA:1912,0
DA:1915,0
DA:1921,1
DA:1922,0
DA:1923,0
DA:1924,0
DA:1925,0
DA:1928,0
DA:1929,0
DA:1930,0
DA:1932,0
DA:1933,0
DA:1936,0
DA:1939,1
DA:1940,0
DA:1941,0
DA:1944,1
DA:1945,0
DA:1949,0
DA:1950,0
DA:1951,0
DA:1952,0
DA:1955,0
DA:1956,0
DA:1959,0
DA:1960,0
DA:1961,0
DA:1964,0
DA:1965,0
DA:1966,0
DA:1972,0
DA:1973,0
DA:1974,0
DA:1975,0
DA:1976,0
DA:1977,0
DA:1979,0
DA:1980,0
DA:1981,0
DA:1982,0
DA:1986,0
DA:1987,0
DA:1988,0
DA:1989,0
DA:1990,0
DA:1992,0
DA:1993,0
DA:1994,0
DA:1995,0
DA:2000,0
DA:2001,0
DA:2002,0
DA:2003,0
DA:2004,0
DA:2007,0
DA:2008,0
DA:2009,0
DA:2010,0
DA:2011,0
DA:2013,0
DA:2014,0
DA:2018,0
DA:2019,0
DA:2021,0
DA:2022,0
DA:2023,0
DA:2025,0
DA:2029,0
DA:2030,0
DA:2031,0
DA:2032,0
DA:2037,0
DA:2038,0
DA:2040,0
DA:2041,0
DA:2042,0
DA:2044,0
DA:2048,0
DA:2049,0
DA:2050,0
DA:2051,0
DA:2058,0
DA:2059,0
DA:2061,0
DA:2062,0
DA:2063,0
DA:2065,0
DA:2066,0
DA:2068,0
DA:2069,0
DA:2074,1
DA:2075,0
DA:2076,0
DA:2077,0
DA:2080,1
DA:2081,0
DA:2082,0
DA:2083,0
DA:2086,1
DA:2087,0
DA:2089,0
DA:2090,0
DA:2093,0
DA:2094,0
DA:2095,0
DA:2097,0
DA:2100,1
DA:2101,0
DA:2102,0
DA:2103,0
DA:2106,0
DA:2109,0
DA:2110,0
DA:2112,0
DA:2113,0
DA:2115,0
DA:2116,0
DA:2118,0
DA:2119,0
DA:2121,0
DA:2122,0
DA:2127,0
DA:2135,0
DA:2137,0
DA:2138,0
DA:2144,1
DA:2153,0
DA:2155,0
DA:2158,0
DA:2159,0
DA:2160,0
DA:2165,0
DA:2178,0
DA:2180,0
DA:2187,0
DA:2188,0
DA:2189,0
DA:2193,0
DA:2196,0
DA:2199,0
DA:2202,0
DA:2204,0
DA:2206,0
DA:2208,0
DA:2213,0
DA:2216,0
DA:2218,0
DA:2222,0
DA:2223,0
DA:2224,0
DA:2228,0
DA:2229,0
DA:2236,0
DA:2237,0
DA:2246,0
DA:2247,0
DA:2250,0
DA:2251,0
DA:2252,0
DA:2253,0
DA:2256,0
DA:2257,0
DA:2262,0
DA:2263,0
DA:2264,0
DA:2266,0
DA:2270,0
DA:2272,0
DA:2273,0
DA:2274,0
DA:2278,0
DA:2279,0
DA:2280,0
DA:2282,0
DA:2283,0
DA:2286,0
DA:2287,0
DA:2288,0
DA:2295,0
DA:2299,0
DA:2300,0
DA:2302,0
DA:2304,0
DA:2307,0
DA:2308,0
DA:2311,0
DA:2312,0
DA:2316,0
DA:2319,0
DA:2322,0
DA:2324,0
DA:2325,0
DA:2326,0
DA:2330,0
DA:2331,0
DA:2332,0
DA:2338,0
DA:2340,0
DA:2342,0
DA:2343,0
DA:2344,0
DA:2345,0
DA:2347,0
DA:2350,0
DA:2351,0
DA:2352,0
DA:2355,0
DA:2356,0
DA:2358,0
DA:2360,0
DA:2361,0
DA:2363,0
DA:2364,0
DA:2369,0
DA:2371,0
DA:2372,0
DA:2377,0
DA:2378,0
DA:2381,0
DA:2383,0
DA:2384,0
DA:2390,0
DA:2391,0
DA:2392,0
DA:2393,0
DA:2395,0
DA:2399,0
DA:2401,0
DA:2402,0
DA:2404,0
DA:2405,0
DA:2406,0
DA:2407,0
DA:2408,0
DA:2410,0
DA:2416,0
DA:2420,0
DA:2424,0
DA:2427,0
DA:2428,0
DA:2432,0
DA:2433,0
DA:2436,0
DA:2438,0
DA:2439,0
DA:2440,0
DA:2442,0
DA:2443,0
DA:2444,0
DA:2446,0
DA:2447,0
DA:2448,0
DA:2451,0
DA:2452,0
DA:2454,0
DA:2455,0
DA:2459,0
DA:2460,0
DA:2464,0
DA:2465,0
DA:2466,0
DA:2467,0
DA:2468,0
DA:2473,0
DA:2475,0
DA:2476,0
DA:2477,0
DA:2478,0
DA:2481,0
DA:2484,0
DA:2486,0
DA:2487,0
DA:2489,0
DA:2497,0
DA:2510,0
DA:2512,0
DA:2513,0
DA:2516,0
DA:2517,0
DA:2520,0
DA:2521,0
DA:2524,0
DA:2525,0
DA:2532,0
DA:2540,0
DA:2541,0
DA:2542,0
DA:2543,0
DA:2552,1
DA:2553,0
DA:2556,0
DA:2557,0
DA:2561,1
DA:2562,0
DA:2578,1
DA:2579,0
DA:2583,1
DA:2584,0
DA:2592,1
DA:2593,0
DA:2618,1
DA:2619,0
DA:2639,1
DA:2640,0
DA:2654,1
DA:2655,0
DA:2675,1
DA:2676,0
DA:2680,1
DA:2681,0
DA:2685,1
DA:2686,0
DA:2716,1
DA:2717,0
DA:2721,1
DA:2722,0
LF:1122
LH:58
BRDA:55,1,0,0
BRDA:55,1,1,0
BRDA:79,2,0,0
BRDA:79,2,1,0
BRDA:80,3,0,0
BRDA:80,3,1,0
BRDA:82,4,0,0
BRDA:82,4,1,0
BRDA:102,5,0,0
BRDA:102,5,1,0
BRDA:143,6,0,0
BRDA:143,6,1,0
BRDA:149,7,0,0
BRDA:149,7,1,0
BRDA:188,8,0,0
BRDA:188,8,1,0
BRDA:205,9,0,0
BRDA:205,9,1,0
BRDA:296,10,0,0
BRDA:296,10,1,0
BRDA:318,11,0,0
BRDA:318,11,1,0
BRDA:318,12,0,0
BRDA:318,12,1,0
BRDA:322,13,0,0
BRDA:322,13,1,0
BRDA:325,14,0,0
BRDA:325,14,1,0
BRDA:334,15,0,0
BRDA:334,15,1,0
BRDA:334,16,0,0
BRDA:334,16,1,0
BRDA:336,17,0,0
BRDA:336,17,1,0
BRDA:352,18,0,0
BRDA:352,18,1,0
BRDA:357,19,0,0
BRDA:357,19,1,0
BRDA:359,20,0,0
BRDA:359,20,1,0
BRDA:369,21,0,0
BRDA:369,21,1,0
BRDA:373,22,0,0
BRDA:373,22,1,0
BRDA:373,23,0,0
BRDA:373,23,1,0
BRDA:374,24,0,0
BRDA:374,24,1,0
BRDA:374,24,2,0
BRDA:374,24,3,0
BRDA:377,25,0,0
BRDA:377,25,1,0
BRDA:377,26,0,0
BRDA:377,26,1,0
BRDA:377,26,2,0
BRDA:377,26,3,0
BRDA:396,27,0,0
BRDA:396,27,1,0
BRDA:398,28,0,0
BRDA:398,28,1,0
BRDA:410,29,0,0
BRDA:410,29,1,0
BRDA:419,30,0,0
BRDA:419,30,1,0
BRDA:420,31,0,0
BRDA:420,31,1,0
BRDA:420,31,2,0
BRDA:423,32,0,0
BRDA:423,32,1,0
BRDA:435,33,0,0
BRDA:435,33,1,0
BRDA:443,34,0,0
BRDA:443,34,1,0
BRDA:444,35,0,0
BRDA:444,35,1,0
BRDA:457,36,0,0
BRDA:457,36,1,0
BRDA:458,37,0,0
BRDA:458,37,1,0
BRDA:459,38,0,0
BRDA:459,38,1,0
BRDA:460,39,0,0
BRDA:460,39,1,0
BRDA:470,40,0,0
BRDA:470,40,1,0
BRDA:477,41,0,0
BRDA:477,41,1,0
BRDA:506,42,0,0
BRDA:506,42,1,0
BRDA:506,42,2,0
BRDA:506,42,3,0
BRDA:568,43,0,0
BRDA:568,43,1,0
BRDA:568,44,0,0
BRDA:568,44,1,0
BRDA:573,45,0,0
BRDA:573,45,1,0
BRDA:575,46,0,0
BRDA:575,46,1,0
BRDA:579,47,0,0
BRDA:579,47,1,0
BRDA:583,48,0,0
BRDA:583,48,1,0
BRDA:587,49,0,0
BRDA:587,49,1,0
BRDA:588,50,0,0
BRDA:588,50,1,0
BRDA:590,51,0,0
BRDA:590,51,1,0
BRDA:590,52,0,0
BRDA:590,52,1,0
BRDA:590,52,2,0
BRDA:600,53,0,0
BRDA:600,53,1,0
BRDA:616,54,0,0
BRDA:616,54,1,0
BRDA:620,55,0,0
BRDA:620,55,1,0
BRDA:631,56,0,0
BRDA:631,56,1,0
BRDA:634,57,0,0
BRDA:634,57,1,0
BRDA:635,58,0,0
BRDA:635,58,1,0
BRDA:635,58,2,0
BRDA:640,59,0,0
BRDA:640,59,1,0
BRDA:644,60,0,0
BRDA:644,60,1,0
BRDA:652,61,0,0
BRDA:652,61,1,0
BRDA:652,61,2,0
BRDA:652,61,3,0
BRDA:652,61,4,0
BRDA:652,61,5,0
BRDA:669,62,0,0
BRDA:669,62,1,0
BRDA:670,63,0,0
BRDA:670,63,1,0
BRDA:681,64,0,0
BRDA:681,64,1,0
BRDA:682,65,0,0
BRDA:682,65,1,0
BRDA:688,66,0,0
BRDA:688,66,1,0
BRDA:690,67,0,0
BRDA:690,67,1,0
BRDA:690,68,0,0
BRDA:690,68,1,0
BRDA:690,68,2,0
BRDA:690,68,3,0
BRDA:712,69,0,0
BRDA:712,69,1,0
BRDA:712,70,0,0
BRDA:712,70,1,0
BRDA:712,70,2,0
BRDA:717,71,0,0
BRDA:717,71,1,0
BRDA:721,72,0,0
BRDA:721,72,1,0
BRDA:721,73,0,0
BRDA:721,73,1,0
BRDA:722,74,0,0
BRDA:722,74,1,0
BRDA:727,75,0,0
BRDA:727,75,1,0
BRDA:727,76,0,0
BRDA:727,76,1,0
BRDA:727,76,2,0
BRDA:728,77,0,0
BRDA:728,77,1,0
BRDA:753,78,0,0
BRDA:753,78,1,0
BRDA:774,79,0,0
BRDA:774,79,1,0
BRDA:774,80,0,0
BRDA:774,80,1,0
BRDA:774,80,2,0
BRDA:774,80,3,0
BRDA:792,81,0,0
BRDA:792,81,1,0
BRDA:795,82,0,0
BRDA:795,82,1,0
BRDA:819,83,0,0
BRDA:819,83,1,0
BRDA:836,84,0,0
BRDA:836,84,1,0
BRDA:846,85,0,0
BRDA:846,85,1,0
BRDA:848,86,0,0
BRDA:848,86,1,0
BRDA:850,87,0,0
BRDA:850,87,1,0
BRDA:852,88,0,0
BRDA:852,88,1,0
BRDA:854,89,0,0
BRDA:854,89,1,0
BRDA:854,90,0,0
BRDA:854,90,1,0
BRDA:855,91,0,0
BRDA:855,91,1,0
BRDA:858,92,0,0
BRDA:858,92,1,0
BRDA:860,93,0,0
BRDA:860,93,1,0
BRDA:902,94,0,0
BRDA:902,94,1,0
BRDA:904,95,0,0
BRDA:904,95,1,0
BRDA:906,96,0,0
BRDA:906,96,1,0
BRDA:908,97,0,0
BRDA:908,97,1,0
BRDA:910,98,0,0
BRDA:910,98,1,0
BRDA:910,99,0,0
BRDA:910,99,1,0
BRDA:911,100,0,0
BRDA:911,100,1,0
BRDA:913,101,0,0
BRDA:913,101,1,0
BRDA:915,102,0,0
BRDA:915,102,1,0
BRDA:962,103,0,0
BRDA:962,103,1,0
BRDA:964,104,0,0
BRDA:964,104,1,0
BRDA:966,105,0,0
BRDA:966,105,1,0
BRDA:968,106,0,0
BRDA:968,106,1,0
BRDA:970,107,0,0
BRDA:970,107,1,0
BRDA:970,108,0,0
BRDA:970,108,1,0
BRDA:971,109,0,0
BRDA:971,109,1,0
BRDA:972,110,0,0
BRDA:972,110,1,0
BRDA:974,111,0,0
BRDA:974,111,1,0
BRDA:1015,112,0,0
BRDA:1015,112,1,0
BRDA:1016,113,0,0
BRDA:1016,113,1,0
BRDA:1018,114,0,0
BRDA:1018,114,1,0
BRDA:1021,115,0,0
BRDA:1021,115,1,0
BRDA:1025,116,0,0
BRDA:1025,116,1,0
BRDA:1029,117,0,0
BRDA:1029,117,1,0
BRDA:1031,118,0,0
BRDA:1031,118,1,0
BRDA:1034,119,0,0
BRDA:1034,119,1,0
BRDA:1038,120,0,0
BRDA:1038,120,1,0
BRDA:1045,121,0,0
BRDA:1045,121,1,0
BRDA:1049,122,0,0
BRDA:1049,122,1,0
BRDA:1049,123,0,0
BRDA:1049,123,1,0
BRDA:1066,124,0,0
BRDA:1066,124,1,0
BRDA:1067,125,0,0
BRDA:1067,125,1,0
BRDA:1073,126,0,0
BRDA:1073,126,1,0
BRDA:1075,127,0,0
BRDA:1075,127,1,0
BRDA:1087,128,0,0
BRDA:1087,128,1,0
BRDA:1095,129,0,0
BRDA:1095,129,1,0
BRDA:1098,130,0,0
BRDA:1098,130,1,0
BRDA:1098,131,0,0
BRDA:1098,131,1,0
BRDA:1105,132,0,0
BRDA:1105,132,1,0
BRDA:1109,133,0,0
BRDA:1109,133,1,0
BRDA:1113,134,0,0
BRDA:1113,134,1,0
BRDA:1118,135,0,0
BRDA:1118,135,1,0
BRDA:1123,136,0,0
BRDA:1123,136,1,0
BRDA:1125,137,0,0
BRDA:1125,137,1,0
BRDA:1125,138,0,0
BRDA:1125,138,1,0
BRDA:1127,139,0,0
BRDA:1127,139,1,0
BRDA:1128,140,0,0
BRDA:1128,140,1,0
BRDA:1129,141,0,0
BRDA:1129,141,1,0
BRDA:1140,142,0,0
BRDA:1140,142,1,0
BRDA:1141,143,0,0
BRDA:1141,143,1,0
BRDA:1144,144,0,0
BRDA:1144,144,1,0
BRDA:1146,145,0,0
BRDA:1146,145,1,0
BRDA:1146,146,0,0
BRDA:1146,146,1,0
BRDA:1148,147,0,0
BRDA:1148,147,1,0
BRDA:1149,148,0,0
BRDA:1149,148,1,0
BRDA:1156,149,0,0
BRDA:1156,149,1,0
BRDA:1163,150,0,0
BRDA:1163,150,1,0
BRDA:1175,151,0,0
BRDA:1175,151,1,0
BRDA:1178,152,0,0
BRDA:1178,152,1,0
BRDA:1182,153,0,0
BRDA:1182,153,1,0
BRDA:1190,154,0,0
BRDA:1190,154,1,0
BRDA:1194,155,0,0
BRDA:1194,155,1,0
BRDA:1194,156,0,0
BRDA:1194,156,1,0
BRDA:1207,157,0,0
BRDA:1207,157,1,0
BRDA:1209,158,0,0
BRDA:1209,158,1,0
BRDA:1213,159,0,0
BRDA:1213,159,1,0
BRDA:1213,160,0,0
BRDA:1213,160,1,0
BRDA:1219,161,0,0
BRDA:1219,161,1,0
BRDA:1221,162,0,0
BRDA:1221,162,1,0
BRDA:1231,163,0,0
BRDA:1231,163,1,0
BRDA:1233,164,0,0
BRDA:1233,164,1,0
BRDA:1252,165,0,0
BRDA:1252,165,1,0
BRDA:1296,166,0,0
BRDA:1296,166,1,0
BRDA:1314,167,0,0
BRDA:1314,167,1,0
BRDA:1354,168,0,0
BRDA:1354,168,1,0
BRDA:1383,169,0,0
BRDA:1383,169,1,0
BRDA:1401,170,0,0
BRDA:1401,170,1,0
BRDA:1453,171,0,0
BRDA:1453,171,1,0
BRDA:1456,172,0,0
BRDA:1456,172,1,0
BRDA:1461,173,0,0
BRDA:1461,173,1,0
BRDA:1461,174,0,0
BRDA:1461,174,1,0
BRDA:1461,174,2,0
BRDA:1461,174,3,0
BRDA:1478,175,0,0
BRDA:1478,175,1,0
BRDA:1496,176,0,0
BRDA:1496,176,1,0
BRDA:1504,177,0,0
BRDA:1504,177,1,0
BRDA:1516,178,0,0
BRDA:1516,178,1,0
BRDA:1547,179,0,0
BRDA:1547,179,1,0
BRDA:1555,180,0,0
BRDA:1555,180,1,0
BRDA:1575,181,0,0
BRDA:1575,181,1,0
BRDA:1575,182,0,0
BRDA:1575,182,1,0
BRDA:1584,183,0,0
BRDA:1584,183,1,0
BRDA:1584,184,0,0
BRDA:1584,184,1,0
BRDA:1598,185,0,0
BRDA:1598,185,1,0
BRDA:1598,186,0,0
BRDA:1598,186,1,0
BRDA:1609,187,0,0
BRDA:1609,187,1,0
BRDA:1616,188,0,0
BRDA:1616,188,1,0
BRDA:1625,189,0,0
BRDA:1625,189,1,0
BRDA:1627,190,0,0
BRDA:1627,190,1,0
BRDA:1627,191,0,0
BRDA:1627,191,1,0
BRDA:1651,192,0,0
BRDA:1651,192,1,0
BRDA:1651,193,0,0
BRDA:1651,193,1,0
BRDA:1656,194,0,0
BRDA:1656,194,1,0
BRDA:1671,195,0,0
BRDA:1671,195,1,0
BRDA:1688,196,0,0
BRDA:1688,196,1,0
BRDA:1688,197,0,0
BRDA:1688,197,1,0
BRDA:1698,198,0,0
BRDA:1698,198,1,0
BRDA:1698,199,0,0
BRDA:1698,199,1,0
BRDA:1708,200,0,0
BRDA:1708,200,1,0
BRDA:1719,201,0,0
BRDA:1719,201,1,0
BRDA:1741,202,0,0
BRDA:1741,202,1,0
BRDA:1742,203,0,0
BRDA:1742,203,1,0
BRDA:1748,204,0,0
BRDA:1748,204,1,0
BRDA:1748,205,0,0
BRDA:1748,205,1,0
BRDA:1776,206,0,0
BRDA:1776,206,1,0
BRDA:1779,207,0,0
BRDA:1779,207,1,0
BRDA:1779,208,0,0
BRDA:1779,208,1,0
BRDA:1789,209,0,0
BRDA:1789,209,1,0
BRDA:1797,210,0,0
BRDA:1797,210,1,0
BRDA:1805,211,0,0
BRDA:1805,211,1,0
BRDA:1860,212,0,0
BRDA:1860,212,1,0
BRDA:1860,213,0,0
BRDA:1860,213,1,0
BRDA:1867,214,0,0
BRDA:1867,214,1,0
BRDA:1873,215,0,0
BRDA:1873,215,1,0
BRDA:1874,216,0,0
BRDA:1874,216,1,0
BRDA:1878,217,0,0
BRDA:1878,217,1,0
BRDA:1879,218,0,0
BRDA:1879,218,1,0
BRDA:1883,219,0,0
BRDA:1883,219,1,0
BRDA:1888,220,0,0
BRDA:1888,220,1,0
BRDA:1895,221,0,0
BRDA:1895,221,1,0
BRDA:1903,222,0,0
BRDA:1903,222,1,0
BRDA:1907,223,0,0
BRDA:1907,223,1,0
BRDA:1910,224,0,0
BRDA:1910,224,1,0
BRDA:1910,225,0,0
BRDA:1910,225,1,0
BRDA:1923,226,0,0
BRDA:1923,226,1,0
BRDA:1923,227,0,0
BRDA:1923,227,1,0
BRDA:1923,228,0,0
BRDA:1923,228,1,0
BRDA:1924,229,0,0
BRDA:1924,229,1,0
BRDA:1928,230,0,0
BRDA:1928,230,1,0
BRDA:1929,231,0,0
BRDA:1929,231,1,0
BRDA:1932,232,0,0
BRDA:1932,232,1,0
BRDA:1941,233,0,0
BRDA:1941,233,1,0
BRDA:1941,234,0,0
BRDA:1941,234,1,0
BRDA:1945,235,0,0
BRDA:1945,235,1,0
BRDA:1945,236,0,0
BRDA:1945,236,1,0
BRDA:1951,237,0,0
BRDA:1951,237,1,0
BRDA:1955,238,0,0
BRDA:1955,238,1,0
BRDA:1956,239,0,0
BRDA:1956,239,1,0
BRDA:1960,240,0,0
BRDA:1960,240,1,0
BRDA:1965,241,0,0
BRDA:1965,241,1,0
BRDA:1974,242,0,0
BRDA:1974,242,1,0
BRDA:1979,243,0,0
BRDA:1979,243,1,0
BRDA:1987,244,0,0
BRDA:1987,244,1,0
BRDA:1992,245,0,0
BRDA:1992,245,1,0
BRDA:2001,246,0,0
BRDA:2001,246,1,0
BRDA:2010,247,0,0
BRDA:2010,247,1,0
BRDA:2013,248,0,0
BRDA:2013,248,1,0
BRDA:2021,249,0,0
BRDA:2021,249,1,0
BRDA:2030,250,0,0
BRDA:2030,250,1,0
BRDA:2030,251,0,0
BRDA:2030,251,1,0
BRDA:2040,252,0,0
BRDA:2040,252,1,0
BRDA:2049,253,0,0
BRDA:2049,253,1,0
BRDA:2049,254,0,0
BRDA:2049,254,1,0
BRDA:2061,255,0,0
BRDA:2061,255,1,0
BRDA:2065,256,0,0
BRDA:2065,256,1,0
BRDA:2089,257,0,0
BRDA:2089,257,1,0
BRDA:2090,258,0,0
BRDA:2090,258,1,0
BRDA:2090,259,0,0
BRDA:2090,259,1,0
BRDA:2093,260,0,0
BRDA:2093,260,1,0
BRDA:2094,261,0,0
BRDA:2094,261,1,0
BRDA:2097,262,0,0
BRDA:2097,262,1,0
BRDA:2106,263,0,0
BRDA:2106,263,1,0
BRDA:2122,264,0,0
BRDA:2122,264,1,0
BRDA:2137,265,0,0
BRDA:2137,265,1,0
BRDA:2159,266,0,0
BRDA:2159,266,1,0
BRDA:2168,267,0,0
BRDA:2168,267,1,0
BRDA:2188,268,0,0
BRDA:2188,268,1,0
BRDA:2188,269,0,0
BRDA:2188,269,1,0
BRDA:2193,270,0,0
BRDA:2193,270,1,0
BRDA:2199,271,0,0
BRDA:2199,271,1,0
BRDA:2204,272,0,0
BRDA:2204,272,1,0
BRDA:2206,273,0,0
BRDA:2206,273,1,0
BRDA:2246,274,0,0
BRDA:2246,274,1,0
BRDA:2263,275,0,0
BRDA:2263,275,1,0
BRDA:2279,276,0,0
BRDA:2279,276,1,0
BRDA:2279,277,0,0
BRDA:2279,277,1,0
BRDA:2280,278,0,0
BRDA:2280,278,1,0
BRDA:2280,279,0,0
BRDA:2280,279,1,0
BRDA:2282,280,0,0
BRDA:2282,280,1,0
BRDA:2299,281,0,0
BRDA:2299,281,1,0
BRDA:2307,282,0,0
BRDA:2307,282,1,0
BRDA:2331,283,0,0
BRDA:2331,283,1,0
BRDA:2342,284,0,0
BRDA:2342,284,1,0
BRDA:2342,285,0,0
BRDA:2342,285,1,0
BRDA:2342,285,2,0
BRDA:2343,286,0,0
BRDA:2343,286,1,0
BRDA:2355,287,0,0
BRDA:2355,287,1,0
BRDA:2358,288,0,0
BRDA:2358,288,1,0
BRDA:2377,289,0,0
BRDA:2377,289,1,0
BRDA:2381,290,0,0
BRDA:2381,290,1,0
BRDA:2395,291,0,0
BRDA:2395,291,1,0
BRDA:2427,292,0,0
BRDA:2427,292,1,0
BRDA:2427,293,0,0
BRDA:2427,293,1,0
BRDA:2432,294,0,0
BRDA:2432,294,1,0
BRDA:2432,295,0,0
BRDA:2432,295,1,0
BRDA:2432,295,2,0
BRDA:2438,296,0,0
BRDA:2438,296,1,0
BRDA:2442,297,0,0
BRDA:2442,297,1,0
BRDA:2443,298,0,0
BRDA:2443,298,1,0
BRDA:2446,299,0,0
BRDA:2446,299,1,0
BRDA:2446,300,0,0
BRDA:2446,300,1,0
BRDA:2451,301,0,0
BRDA:2451,301,1,0
BRDA:2465,302,0,0
BRDA:2465,302,1,0
BRDA:2467,303,0,0
BRDA:2467,303,1,0
BRDA:2477,304,0,0
BRDA:2477,304,1,0
BRDA:2486,305,0,0
BRDA:2486,305,1,0
BRDA:2540,306,0,0
BRDA:2540,306,1,0
BRDA:2557,307,0,0
BRDA:2557,307,1,0
BRF:637
BRH:0
end_of_record
TN:
SF:./app/dashboard/dashboard.controller.js
FN:1,(anonymous_1)
FN:10,DashboardController
FN:22,activate
FN:24,(anonymous_4)
FN:26,(anonymous_5)
FN:31,getPeopleData
FN:32,(anonymous_7)
FNF:7
FNH:6
FNDA:1,(anonymous_1)
FNDA:2,DashboardController
FNDA:2,activate
FNDA:2,(anonymous_4)
FNDA:0,(anonymous_5)
FNDA:2,getPeopleData
FNDA:2,(anonymous_7)
DA:1,1
DA:4,1
DA:8,1
DA:10,1
DA:11,2
DA:12,2
DA:16,2
DA:17,2
DA:18,2
DA:20,2
DA:22,1
DA:23,2
DA:24,2
DA:25,2
DA:27,0
DA:31,1
DA:32,2
DA:33,2
DA:34,2
LF:19
LH:18
BRF:0
BRH:0
end_of_record
TN:
SF:./app/dashboard/dashboard.route.js
FN:1,(anonymous_1)
FN:10,appRun
FN:14,getStates
FNF:3
FNH:3
FNDA:1,(anonymous_1)
FNDA:5,appRun
FNDA:5,getStates
DA:1,1
DA:4,1
DA:8,1
DA:10,1
DA:11,5
DA:14,1
DA:15,5
LF:7
LH:7
BRF:0
BRH:0
end_of_record
TN:
SF:./app/home/home.controller.js
FN:1,(anonymous_1)
FN:10,HomeController
FN:17,HandleLoginFailure
FN:28,(anonymous_4)
FN:32,(anonymous_5)
FN:36,(anonymous_6)
FN:44,activate
FNF:7
FNH:3
FNDA:1,(anonymous_1)
FNDA:2,HomeController
FNDA:0,HandleLoginFailure
FNDA:0,(anonymous_4)
FNDA:0,(anonymous_5)
FNDA:0,(anonymous_6)
FNDA:2,activate
DA:1,1
DA:4,1
DA:8,1
DA:10,1
DA:11,2
DA:14,2
DA:15,2
DA:17,1
DA:18,0
DA:22,2
DA:27,2
DA:28,2
DA:29,0
DA:32,2
DA:33,0
DA:36,2
DA:37,0
DA:44,1
DA:49,2
DA:50,2
LF:20
LH:16
BRF:0
BRH:0
end_of_record
TN:
SF:./app/home/home.route.js
FN:1,(anonymous_1)
FN:10,appRun
FN:14,getStates
FNF:3
FNH:3
FNDA:1,(anonymous_1)
FNDA:5,appRun
FNDA:5,getStates
DA:1,1
DA:4,1
DA:8,1
DA:10,1
DA:11,5
DA:14,1
DA:15,5
LF:7
LH:7
BRF:0
BRH:0
end_of_record
TN:
SF:./app/layout/shell.controller.js
FN:2,(anonymous_1)
FN:12,ShellController
FN:24,leftMenu
FN:29,getNavRoutes
FN:30,(anonymous_5)
FN:35,isCurrent
FN:43,footer
FN:45,(anonymous_8)
FN:54,(anonymous_9)
FN:67,activate
FNF:10
FNH:6
FNDA:1,(anonymous_1)
FNDA:1,ShellController
FNDA:0,leftMenu
FNDA:1,getNavRoutes
FNDA:2,(anonymous_5)
FNDA:0,isCurrent
FNDA:1,footer
FNDA:0,(anonymous_8)
FNDA:0,(anonymous_9)
FNDA:1,activate
DA:2,1
DA:5,1
DA:9,1
DA:12,1
DA:13,1
DA:14,1
DA:17,1
DA:18,1
DA:21,1
DA:22,1
DA:24,1
DA:26,0
DA:29,1
DA:30,1
DA:31,2
DA:35,1
DA:36,0
DA:37,0
DA:39,0
DA:40,0
DA:43,1
DA:45,1
DA:46,0
DA:47,0
DA:50,0
DA:54,1
DA:55,0
DA:56,0
DA:59,0
DA:65,1
DA:67,1
DA:68,1
DA:69,1
DA:70,1
LF:34
LH:23
BRDA:31,1,0,2
BRDA:31,1,1,0
BRDA:36,2,0,0
BRDA:36,2,1,0
BRDA:36,3,0,0
BRDA:36,3,1,0
BRDA:36,3,2,0
BRDA:40,4,0,0
BRDA:40,4,1,0
BRDA:46,5,0,0
BRDA:46,5,1,0
BRDA:55,6,0,0
BRDA:55,6,1,0
BRF:13
BRH:1
end_of_record
TN:
SF:./app/widgets/ht-img-person.directive.js
FN:1,(anonymous_1)
FN:10,htImgPerson
FN:21,link
FN:22,(anonymous_4)
FNF:4
FNH:1
FNDA:1,(anonymous_1)
FNDA:0,htImgPerson
FNDA:0,link
FNDA:0,(anonymous_4)
DA:1,1
DA:4,1
DA:8,1
DA:10,1
DA:13,0
DA:14,0
DA:15,0
DA:19,0
DA:21,1
DA:22,0
DA:23,0
DA:24,0
LF:12
LH:5
BRDA:23,1,0,0
BRDA:23,1,1,0
BRF:2
BRH:0
end_of_record
TN:
SF:./app/widgets/ht-widget-header.directive.js
FN:1,(anonymous_1)
FN:9,htWidgetHeader
FNF:2
FNH:1
FNDA:1,(anonymous_1)
FNDA:0,htWidgetHeader
DA:1,1
DA:4,1
DA:9,1
DA:16,0
DA:26,0
LF:5
LH:3
BRF:0
BRH:0
end_of_record
